2026-02-23 18:16:14   The following farfield monitor(s) have been adjusted to model box [-158.329,
                      158.329, -158.329, 158.329, -28.3452, 28.4971]:
                        farfield (broadband), farfield (f=0.433).
                      For further information please check the page "Special Solver Parameters -
                      Solver" in the Online Help.

                      ------------------------------------------------------------------------------
2026-02-23 18:16:14   According to the selected features the <Time Domain Solver (HEX)> will be
                      started.

                      ------------------------------------------------------------------------------
2026-02-23 18:16:15   
                      Solver started at: 2026-02-23 18:16:15 +0530

                        Module:  Time Domain: S-Parameter (Win 64)
                        Version: 2025.4 Release from 2025-04-11 (change 1409410)

2026-02-23 18:16:15   

                      ------------------------------------------------------------------------------
2026-02-23 18:16:15   

                      ------------------------------------------------------------------------------
2026-02-23 18:16:15   ======================================================================
                       Solver cycle: 1
                      ======================================================================

                      Simultaneous excitation: 1[1.0,90]+2[1.0,0.0],[0.433] 

                      Phase Reference Frequency: 0.433 GHz

                      Stimulation at port 1 (mode 1) [Amplitude 1, Phase 90 degrees]
                      Stimulation at port 2 (mode 1) [Amplitude 1, Phase 0 degrees]


                      ------------------------------------------------------------------------------
2026-02-23 18:16:15   Units settings: 

                        Dimensions: mm
                        Frequency:  GHz
                        Time:       ns

                      ------------------------------------------------------------------------------
2026-02-23 18:16:15   The dispersive material update [Automatic] will be performed using the "Standard" update schema

                      ------------------------------------------------------------------------------
2026-02-23 18:16:26   The following discrete face ports are connected to metal material:
                      	1, 2

                      ------------------------------------------------------------------------------
2026-02-23 18:16:26   Mesh statistics:

                         Hexahedral mesh type: Perfect Boundary Approximation (PBA)
                            Version: default

                         Parallelization type: domain decomposition
                            Number of parallel working threads: 1
                            Number of calculation domains used: 1

                         Used point accuracy enhancement value: 75.00%.
                         Acceleration mode: CPU
                         PBA fill limit: 99.00% (inverse)

2026-02-23 18:16:39   Boundary conditions: 

                        YZsymmetry: none
                        XZsymmetry: none
                        XYsymmetry: none

                        Xmin: expanded open, 4 Layer, depth 108.128 mm
                        Xmax: expanded open, 4 Layer, depth 108.128 mm

                        Ymin: expanded open, 4 Layer, depth 108.128 mm
                        Ymax: expanded open, 4 Layer, depth 108.128 mm

                        Zmin: expanded open, 4 Layer, depth 109.171 mm
                        Zmax: expanded open, 4 Layer, depth 111.023 mm

                        PML-Type: Convolution PML

                      ------------------------------------------------------------------------------
2026-02-23 18:16:39   Frequency settings: 

                        Fmin:         0
                        Fmax:         0.6
                        Nfsteps(lin): 1001

                      ------------------------------------------------------------------------------
2026-02-23 18:16:42   Field update statistics:

                        Number of components in total: 	267308
                        Number of TST and special elements:	60
                        Number of lossy metal components:	56

                      Subcycling state:      			Automatically activated

                      Subcycling statistics:

                        Number of subcycled components:	510
                        Number of subcycles:           		4
                        Percentage of overhead:        		0.76 %

                      ------------------------------------------------------------------------------
2026-02-23 18:16:42   Port: 1

2026-02-23 18:16:42     Discrete element, reference impedance = 72 Ohm  (subcycled)

                      ------------------------------------------------------------------------------
2026-02-23 18:16:42   Port: 2

2026-02-23 18:16:42     Discrete element, reference impedance = 72 Ohm  (subcycled)

                      ------------------------------------------------------------------------------
2026-02-23 18:16:45   Broadband farfield monitor expansion origin: 
                         x: 0
                         y: 0
                         z: 1.05

                      ------------------------------------------------------------------------------
2026-02-23 18:16:45   Broadband farfield monitor: Using order 8. (80 farfield modes.)

                      ------------------------------------------------------------------------------
2026-02-23 18:17:01   
                      --------------------------------------------------------------------------------
2026-02-23 18:17:01   Frequency domain results normalized to default signal.


                      ------------------------------------------------------------------------------
2026-02-23 18:17:01   
                        ----------------------------------------------------------------------------
                                            Peak memory used (kB)         Free physical memory (kB) 
                                                                          At begin     Minimum      
                        ----------------------------------------------------------------------------
                        CAD preparation     16612                         7884688      7884688      
                        Matrices calc.      35156                         7873046      7846679      
                        Solver run total    52804                         7896672      7866296      
                        ----------------------------------------------------------------------------

                      --------------------------------------------------------------------------------
                      Solver Statistics:

                        Hardware:
                           Computer name:                 	DESKTOP-7SP1ERU 

                           Number of CPU threads:               8
                           Hardware info:                  	Hardware Accelerator Device not activated

                        Number of mesh cells:             	42592
                        Excitation duration:              	6.50161512e+000 ns 
                        Calculation time for excitation:  	0 	s
                        Number of calculated pulse widths:	1.35132 
                        Steady state accuracy limit:      	-40	dB 
                        Simulated number of time steps:   	416 
                        Maximum number of time steps:     	6156 
                        Time step width:
                           without subcycles:             	8.801450677e-003 ns
                           used:                          	2.111968203e-002 ns

                        CAD preparation time:             	1      	s
                        Matrix calculation time:          	10 	s
                        Solver setup time:                	28 	s
                        Solver loop time:                 	4 	s
                        Solver post-processing time:      	1 	s
                                                          	------------
                        Total solver time:                	44 	s

                      ------------------------------------------------------------------------------
2026-02-23 18:17:01   *** Warning ***

2026-02-23 18:17:01   The calculation seems to be unstable! Transient solver is restarted with a scaled timestep by 0.95.

                      ------------------------------------------------------------------------------
2026-02-23 18:17:01   Units settings: 

                        Dimensions: mm
                        Frequency:  GHz
                        Time:       ns

                      ------------------------------------------------------------------------------
2026-02-23 18:17:01   The dispersive material update will be performed using the "Standard" update schema

                      ------------------------------------------------------------------------------
2026-02-23 18:17:02   The following discrete face ports are connected to metal material:
                      	1, 2

                      ------------------------------------------------------------------------------
2026-02-23 18:17:03   Boundary conditions: 

                        YZsymmetry: none
                        XZsymmetry: none
                        XYsymmetry: none

                        Xmin: expanded open, 4 Layer, depth 108.128 mm
                        Xmax: expanded open, 4 Layer, depth 108.128 mm

                        Ymin: expanded open, 4 Layer, depth 108.128 mm
                        Ymax: expanded open, 4 Layer, depth 108.128 mm

                        Zmin: expanded open, 4 Layer, depth 109.171 mm
                        Zmax: expanded open, 4 Layer, depth 111.023 mm

                        PML-Type: Convolution PML

                      ------------------------------------------------------------------------------
2026-02-23 18:17:03   Frequency settings: 

                        Fmin:         0
                        Fmax:         0.6
                        Nfsteps(lin): 1001

                      ------------------------------------------------------------------------------
2026-02-23 18:17:04   Field update statistics:

                        Number of components in total: 	267308
                        Number of TST and special elements:	60
                        Number of lossy metal components:	56

                      Subcycling state:      			Automatically activated

                      Subcycling statistics:

                        Number of subcycled components:	510
                        Number of subcycles:           		4
                        Percentage of overhead:        		0.76 %

                      ------------------------------------------------------------------------------
2026-02-23 18:17:04   Port: 1

2026-02-23 18:17:04     Discrete element, reference impedance = 72 Ohm  (subcycled)

                      ------------------------------------------------------------------------------
2026-02-23 18:17:04   Port: 2

2026-02-23 18:17:04     Discrete element, reference impedance = 72 Ohm  (subcycled)

                      ------------------------------------------------------------------------------
2026-02-23 18:17:21   
                      --------------------------------------------------------------------------------
2026-02-23 18:17:21   Frequency domain results normalized to default signal.


                      ------------------------------------------------------------------------------
2026-02-23 18:17:21   
                        ----------------------------------------------------------------------------
                                            Peak memory used (kB)         Free physical memory (kB) 
                                                                          At begin     Minimum      
                        ----------------------------------------------------------------------------
                        CAD preparation     16612                         7884688      7884688      
                        Matrices calc.      35156                         7873046      7846679      
                        Solver run total    61636                         8415736      8415736      
                        ----------------------------------------------------------------------------

                      --------------------------------------------------------------------------------
                      Solver Statistics:

                        Hardware:
                           Computer name:                 	DESKTOP-7SP1ERU 

                           Number of CPU threads:               8
                           Hardware info:                  	Hardware Accelerator Device not activated

                        Number of mesh cells:             	42592
                        Excitation duration:              	6.50161512e+000 ns 
                        Calculation time for excitation:  	0 	s
                        Number of calculated pulse widths:	3.24951 
                        Steady state accuracy limit:      	-40	dB 
                        Simulated number of time steps:   	1053 
                        Maximum number of time steps:     	6480 
                        Time step width:
                           without subcycles:             	8.361378143e-003 ns
                           used:                          	2.006369792e-002 ns

                        Reloading matrices:               	0 	s
                        Solver setup time:                	6 	s
                        Solver loop time:                 	10 	s
                        Solver post-processing time:      	2 	s
                                                          	------------
                        Total solver time:                	18 	s

                      ------------------------------------------------------------------------------
2026-02-23 18:17:22   *** Warning ***

2026-02-23 18:17:22   The calculation seems to be unstable! Transient solver is restarted with a scaled timestep by 0.85.

                      ------------------------------------------------------------------------------
2026-02-23 18:17:22   Units settings: 

                        Dimensions: mm
                        Frequency:  GHz
                        Time:       ns

                      ------------------------------------------------------------------------------
2026-02-23 18:17:22   The dispersive material update will be performed using the "Standard" update schema

                      ------------------------------------------------------------------------------
2026-02-23 18:17:22   The following discrete face ports are connected to metal material:
                      	1, 2

                      ------------------------------------------------------------------------------
2026-02-23 18:17:24   Boundary conditions: 

                        YZsymmetry: none
                        XZsymmetry: none
                        XYsymmetry: none

                        Xmin: expanded open, 4 Layer, depth 108.128 mm
                        Xmax: expanded open, 4 Layer, depth 108.128 mm

                        Ymin: expanded open, 4 Layer, depth 108.128 mm
                        Ymax: expanded open, 4 Layer, depth 108.128 mm

                        Zmin: expanded open, 4 Layer, depth 109.171 mm
                        Zmax: expanded open, 4 Layer, depth 111.023 mm

                        PML-Type: Convolution PML

                      ------------------------------------------------------------------------------
2026-02-23 18:17:24   Frequency settings: 

                        Fmin:         0
                        Fmax:         0.6
                        Nfsteps(lin): 1001

                      ------------------------------------------------------------------------------
2026-02-23 18:17:24   Field update statistics:

                        Number of components in total: 	267308
                        Number of TST and special elements:	60
                        Number of lossy metal components:	56

                      Subcycling state:      			Automatically activated

                      Subcycling statistics:

                        Number of subcycled components:	510
                        Number of subcycles:           		4
                        Percentage of overhead:        		0.76 %

                      ------------------------------------------------------------------------------
2026-02-23 18:17:24   Port: 1

2026-02-23 18:17:24     Discrete element, reference impedance = 72 Ohm  (subcycled)

                      ------------------------------------------------------------------------------
2026-02-23 18:17:24   Port: 2

2026-02-23 18:17:24     Discrete element, reference impedance = 72 Ohm  (subcycled)

                      ------------------------------------------------------------------------------
2026-02-23 18:17:37   
                      --------------------------------------------------------------------------------
2026-02-23 18:17:37   Steady state energy criterion met, solver finished successfully.

                      ------------------------------------------------------------------------------
2026-02-23 18:17:37   Frequency domain results normalized to default signal.


                      ------------------------------------------------------------------------------
2026-02-23 18:17:37   
                        ----------------------------------------------------------------------------
                                            Peak memory used (kB)         Free physical memory (kB) 
                                                                          At begin     Minimum      
                        ----------------------------------------------------------------------------
                        CAD preparation     16612                         7884688      7884688      
                        Matrices calc.      35156                         7873046      7846679      
                        Solver run total    62776                         8482396      8482396      
                        ----------------------------------------------------------------------------

                      --------------------------------------------------------------------------------
                      Solver Statistics:

                        Hardware:
                           Computer name:                 	DESKTOP-7SP1ERU 

                           Number of CPU threads:               8
                           Hardware info:                  	Hardware Accelerator Device not activated

                        Number of mesh cells:             	42592
                        Excitation duration:              	6.50161512e+000 ns 
                        Calculation time for excitation:  	0 	s
                        Number of calculated pulse widths:	2.15367 
                        Steady state accuracy limit:      	-40	dB 
                        Simulated number of time steps:   	780 
                        Maximum number of time steps:     	7243 
                        Time step width:
                           without subcycles:             	7.481233076e-003 ns
                           used:                          	1.795172972e-002 ns

                        Reloading matrices:               	0 	s
                        Solver setup time:                	6 	s
                        Solver loop time:                 	7 	s
                        Solver post-processing time:      	1 	s
                                                          	------------
                        Total solver time:                	14 	s

                      ------------------------------------------------------------------------------
2026-02-23 18:17:38   
                        Total solver time (all cycles):      	76     	s  ( = 0 h, 1 m, 16 s )
                        Solver initialization and clean-up:  	7      	s
                                                             	------------
                        Total simulation time:               	83     	s  ( = 0 h, 1 m, 23 s )

                      ------------------------------------------------------------------------------
2026-02-23 18:17:38   Solver finished at: 2026-02-23 18:17:38 +0530



                      ------------------------------------------------------------------------------
2026-02-23 18:17:41   Creating parametric 1D results for Run ID 1

                      ------------------------------------------------------------------------------
