>2026-01-23 17:10:21.00009< :  Configuring HexMeshEngine...
>2026-01-23 17:10:21.00019< :  Locals Configured.
>2026-01-23 17:10:21.00020< :  Globals Configured.
>2026-01-23 17:10:21.00020< :  Configuration Done.
>2026-01-23 17:10:21.00021< :  HexMeshEngine correctly configured.
>2026-01-23 17:10:21.00021< :  Generating Mesh Line...
>2026-01-23 17:10:21.00026< :  Done.
>2026-01-23 17:10:21.00026< :  Postprocessing...
>2026-01-23 17:10:21.00026< :  Done.
>2026-01-23 17:10:25.00349< :  Configuring HexMeshEngine...
>2026-01-23 17:10:25.00357< :  Locals Configured.
>2026-01-23 17:10:25.00358< :  Globals Configured.
>2026-01-23 17:10:25.00369< :  Configuration Done.
>2026-01-23 17:10:25.00369< :  HexMeshEngine correctly configured.
>2026-01-23 17:10:25.00369< :  Generating Mesh Line...
>2026-01-23 17:10:25.00371< :  Done.
>2026-01-23 17:10:25.00371< :  Postprocessing...
>2026-01-23 17:10:25.00371< :  Done.
>2026-01-23 17:10:27.00529< :  Configuring HexMeshEngine...
>2026-01-23 17:10:27.00538< :  Locals Configured.
>2026-01-23 17:10:27.00538< :  Globals Configured.
>2026-01-23 17:10:27.00539< :  Configuration Done.
>2026-01-23 17:10:27.00539< :  HexMeshEngine correctly configured.
>2026-01-23 17:10:27.00539< :  Generating Mesh Line...
>2026-01-23 17:10:27.00541< :  Done.
>2026-01-23 17:10:27.00541< :  Postprocessing...
>2026-01-23 17:10:27.00541< :  Done.
>2026-01-23 17:10:30.00029< :  Configuring HexMeshEngine...
>2026-01-23 17:10:30.00039< :  Locals Configured.
>2026-01-23 17:10:30.00040< :  Globals Configured.
>2026-01-23 17:10:30.00040< :  Configuration Done.
>2026-01-23 17:10:30.00040< :  HexMeshEngine correctly configured.
>2026-01-23 17:10:30.00040< :  Generating Mesh Line...
>2026-01-23 17:10:30.00043< :  Done.
>2026-01-23 17:10:30.00043< :  Postprocessing...
>2026-01-23 17:10:30.00043< :  Done.
>2026-01-23 17:10:32.00377< :  Configuring HexMeshEngine...
>2026-01-23 17:10:32.00386< :  Locals Configured.
>2026-01-23 17:10:32.00386< :  Globals Configured.
>2026-01-23 17:10:32.00387< :  Configuration Done.
>2026-01-23 17:10:32.00387< :  HexMeshEngine correctly configured.
>2026-01-23 17:10:32.00387< :  Generating Mesh Line...
>2026-01-23 17:10:32.00389< :  Done.
>2026-01-23 17:10:32.00389< :  Postprocessing...
>2026-01-23 17:10:32.00389< :  Done.
>2026-01-23 17:10:34.00653< :  Configuring HexMeshEngine...
>2026-01-23 17:10:34.00662< :  Locals Configured.
>2026-01-23 17:10:34.00663< :  Globals Configured.
>2026-01-23 17:10:34.00663< :  Configuration Done.
>2026-01-23 17:10:34.00663< :  HexMeshEngine correctly configured.
>2026-01-23 17:10:34.00663< :  Generating Mesh Line...
>2026-01-23 17:10:34.00666< :  Done.
>2026-01-23 17:10:34.00666< :  Postprocessing...
>2026-01-23 17:10:34.00666< :  Done.
