2025-11-02 17:45:21   The following farfield monitor(s) have been adjusted to model box [-169.566,
                      169.566, -169.566, 169.566, -30.8154, 29.7501]:
                        farfield (broadband), farfield (f=0.433).
                      For further information please check the page "Special Solver Parameters -
                      Solver" in the Online Help.

                      ------------------------------------------------------------------------------
2025-11-02 17:45:21   According to the selected features the <Time Domain Solver (HEX)> will be
                      started.

                      ------------------------------------------------------------------------------
2025-11-02 17:45:22   
                      Solver started at: 2025-11-02 17:45:22 +0530

                        Module:  Time Domain: S-Parameter (Win 64)
                        Version: 2025.4 Release from 2025-04-11 (change 1409410)

2025-11-02 17:45:22   

                      ------------------------------------------------------------------------------
2025-11-02 17:45:22   

                      ------------------------------------------------------------------------------
2025-11-02 17:45:22   ======================================================================
                       Solver cycle: 1
                      ======================================================================

                      Simultaneous excitation: 1[1.0,90]+2[1.0,0.0],[0.433] 

                      Phase Reference Frequency: 0.433 GHz

                      Stimulation at port 1 (mode 1) [Amplitude 1, Phase 90 degrees]
                      Stimulation at port 2 (mode 1) [Amplitude 1, Phase 0 degrees]


                      ------------------------------------------------------------------------------
2025-11-02 17:45:22   Units settings: 

                        Dimensions: mm
                        Frequency:  GHz
                        Time:       ns

                      ------------------------------------------------------------------------------
2025-11-02 17:45:22   The dispersive material update [Automatic] will be performed using the "Standard" update schema

                      ------------------------------------------------------------------------------
2025-11-02 17:45:41   The following discrete face ports are connected to metal material:
                      	1, 2

                      ------------------------------------------------------------------------------
2025-11-02 17:45:42   Mesh statistics:

                         Hexahedral mesh type: Perfect Boundary Approximation (PBA)
                            Version: default

                         Parallelization type: domain decomposition
                            Number of parallel working threads: 1
                            Number of calculation domains used: 1

                         Used point accuracy enhancement value: 75.00%.
                         Acceleration mode: CPU
                         PBA fill limit: 99.00% (inverse)

                         *** Warning ***  The internal representation of discrete face port "discrete_face_port:1" overlaps with the internal representation of discrete face port "discrete_face_port:2". Maybe the mesh resolution is too coarse in this region. 

                         *** Warning ***  Maybe geometry is too complex or mesh is too coarse in this region.

                         *** Warning ***  Please consider refining the geometry.


2025-11-02 17:45:51   Boundary conditions: 

                        YZsymmetry: none
                        XZsymmetry: none
                        XYsymmetry: none

                        Xmin: expanded open, 4 Layer, depth 121.956 mm
                        Xmax: expanded open, 4 Layer, depth 121.956 mm

                        Ymin: expanded open, 4 Layer, depth 121.956 mm
                        Ymax: expanded open, 4 Layer, depth 121.956 mm

                        Zmin: expanded open, 4 Layer, depth 123.042 mm
                        Zmax: expanded open, 4 Layer, depth 110.245 mm

                        PML-Type: Convolution PML

                      ------------------------------------------------------------------------------
2025-11-02 17:45:51   Frequency settings: 

                        Fmin:         0
                        Fmax:         0.6
                        Nfsteps(lin): 1001

                      ------------------------------------------------------------------------------
2025-11-02 17:45:51   Field update statistics:

                        Number of components in total: 	222148
                        Number of TST and special elements:	60
                        Number of lossy metal components:	56

                      Subcycling state:      			Automatically activated

                      Subcycling statistics:

                        Number of subcycled components:	435
                        Number of subcycles:           		4
                        Percentage of overhead:        		0.78 %

                      ------------------------------------------------------------------------------
2025-11-02 17:45:51   Port: 1

2025-11-02 17:45:51     Discrete element, reference impedance = 72 Ohm  (subcycled)

                      ------------------------------------------------------------------------------
2025-11-02 17:45:51   Port: 2

2025-11-02 17:45:51     Discrete element, reference impedance = 72 Ohm  (subcycled)

                      ------------------------------------------------------------------------------
2025-11-02 17:45:52   Broadband farfield monitor expansion origin: 
                         x: 0
                         y: 0
                         z: 1.05

                      ------------------------------------------------------------------------------
2025-11-02 17:45:52   Broadband farfield monitor: Using order 8. (80 farfield modes.)

                      ------------------------------------------------------------------------------
2025-11-02 17:46:09   
                      --------------------------------------------------------------------------------
2025-11-02 17:46:09   Frequency domain results normalized to default signal.


                      ------------------------------------------------------------------------------
2025-11-02 17:46:09   
                        ----------------------------------------------------------------------------
                                            Peak memory used (kB)         Free physical memory (kB) 
                                                                          At begin     Minimum      
                        ----------------------------------------------------------------------------
                        CAD preparation     17508                         3034316      3034316      
                        Matrices calc.      31250                         3022460      2948242      
                        Solver run total    51932                         3051848      2796860      
                        ----------------------------------------------------------------------------

                      --------------------------------------------------------------------------------
                      Solver Statistics:

                        Hardware:
                           Computer name:                 	Vatsals-PC 

                           Number of CPU threads:               8
                           Hardware info:                  	Hardware Accelerator Device not activated

                        Number of mesh cells:             	35301
                        Excitation duration:              	6.50161512e+000 ns 
                        Calculation time for excitation:  	0 	s
                        Number of calculated pulse widths:	1.9066 
                        Steady state accuracy limit:      	-40	dB 
                        Simulated number of time steps:   	529 
                        Maximum number of time steps:     	5549 
                        Time step width:
                           without subcycles:             	9.313655824e-003 ns
                           used:                          	2.343285478e-002 ns

                        CAD preparation time:             	1      	s
                        Matrix calculation time:          	19 	s
                        Solver setup time:                	12 	s
                        Solver loop time:                 	12 	s
                        Solver post-processing time:      	2 	s
                                                          	------------
                        Total solver time:                	46 	s

                      ------------------------------------------------------------------------------
2025-11-02 17:46:10   *** Warning ***

2025-11-02 17:46:10   The calculation seems to be unstable! Transient solver is restarted with a scaled timestep by 0.95.

                      ------------------------------------------------------------------------------
2025-11-02 17:46:10   *** Warning ***

2025-11-02 17:46:10   2025-11-02 17:46:10   current system memory usage reached 85% (14 GB)

                      ------------------------------------------------------------------------------
2025-11-02 17:46:10   Units settings: 

                        Dimensions: mm
                        Frequency:  GHz
                        Time:       ns

                      ------------------------------------------------------------------------------
2025-11-02 17:46:10   The dispersive material update will be performed using the "Standard" update schema

                      ------------------------------------------------------------------------------
2025-11-02 17:46:10   The following discrete face ports are connected to metal material:
                      	1, 2

                      ------------------------------------------------------------------------------
2025-11-02 17:46:11   Boundary conditions: 

                        YZsymmetry: none
                        XZsymmetry: none
                        XYsymmetry: none

                        Xmin: expanded open, 4 Layer, depth 121.956 mm
                        Xmax: expanded open, 4 Layer, depth 121.956 mm

                        Ymin: expanded open, 4 Layer, depth 121.956 mm
                        Ymax: expanded open, 4 Layer, depth 121.956 mm

                        Zmin: expanded open, 4 Layer, depth 123.042 mm
                        Zmax: expanded open, 4 Layer, depth 110.245 mm

                        PML-Type: Convolution PML

                      ------------------------------------------------------------------------------
2025-11-02 17:46:11   Frequency settings: 

                        Fmin:         0
                        Fmax:         0.6
                        Nfsteps(lin): 1001

                      ------------------------------------------------------------------------------
2025-11-02 17:46:12   Field update statistics:

                        Number of components in total: 	222148
                        Number of TST and special elements:	60
                        Number of lossy metal components:	56

                      Subcycling state:      			Automatically activated

                      Subcycling statistics:

                        Number of subcycled components:	435
                        Number of subcycles:           		4
                        Percentage of overhead:        		0.78 %

                      ------------------------------------------------------------------------------
2025-11-02 17:46:12   Port: 1

2025-11-02 17:46:12     Discrete element, reference impedance = 72 Ohm  (subcycled)

                      ------------------------------------------------------------------------------
2025-11-02 17:46:12   Port: 2

2025-11-02 17:46:12     Discrete element, reference impedance = 72 Ohm  (subcycled)

                      ------------------------------------------------------------------------------
2025-11-02 17:46:32   
                      --------------------------------------------------------------------------------
2025-11-02 17:46:32   Frequency domain results normalized to default signal.


                      ------------------------------------------------------------------------------
2025-11-02 17:46:32   
                        ----------------------------------------------------------------------------
                                            Peak memory used (kB)         Free physical memory (kB) 
                                                                          At begin     Minimum      
                        ----------------------------------------------------------------------------
                        CAD preparation     17508                         3034316      3034316      
                        Matrices calc.      31250                         3022460      2948242      
                        Solver run total    59192                         2860156      2860156      
                        ----------------------------------------------------------------------------

                      --------------------------------------------------------------------------------
                      Solver Statistics:

                        Hardware:
                           Computer name:                 	Vatsals-PC 

                           Number of CPU threads:               8
                           Hardware info:                  	Hardware Accelerator Device not activated

                        Number of mesh cells:             	35301
                        Excitation duration:              	6.50161512e+000 ns 
                        Calculation time for excitation:  	0 	s
                        Number of calculated pulse widths:	1.80785 
                        Steady state accuracy limit:      	-40	dB 
                        Simulated number of time steps:   	528 
                        Maximum number of time steps:     	5841 
                        Time step width:
                           without subcycles:             	8.847973033e-003 ns
                           used:                          	2.226121204e-002 ns

                        Reloading matrices:               	0 	s
                        Solver setup time:                	5 	s
                        Solver loop time:                 	14 	s
                        Solver post-processing time:      	1 	s
                                                          	------------
                        Total solver time:                	20 	s

                      ------------------------------------------------------------------------------
2025-11-02 17:46:32   *** Warning ***

2025-11-02 17:46:32   The calculation seems to be unstable! Transient solver is restarted with a scaled timestep by 0.85.

                      ------------------------------------------------------------------------------
2025-11-02 17:46:32   Units settings: 

                        Dimensions: mm
                        Frequency:  GHz
                        Time:       ns

                      ------------------------------------------------------------------------------
2025-11-02 17:46:32   The dispersive material update will be performed using the "Standard" update schema

                      ------------------------------------------------------------------------------
2025-11-02 17:46:33   The following discrete face ports are connected to metal material:
                      	1, 2

                      ------------------------------------------------------------------------------
2025-11-02 17:46:34   Boundary conditions: 

                        YZsymmetry: none
                        XZsymmetry: none
                        XYsymmetry: none

                        Xmin: expanded open, 4 Layer, depth 121.956 mm
                        Xmax: expanded open, 4 Layer, depth 121.956 mm

                        Ymin: expanded open, 4 Layer, depth 121.956 mm
                        Ymax: expanded open, 4 Layer, depth 121.956 mm

                        Zmin: expanded open, 4 Layer, depth 123.042 mm
                        Zmax: expanded open, 4 Layer, depth 110.245 mm

                        PML-Type: Convolution PML

                      ------------------------------------------------------------------------------
2025-11-02 17:46:34   Frequency settings: 

                        Fmin:         0
                        Fmax:         0.6
                        Nfsteps(lin): 1001

                      ------------------------------------------------------------------------------
2025-11-02 17:46:34   Field update statistics:

                        Number of components in total: 	222148
                        Number of TST and special elements:	60
                        Number of lossy metal components:	56

                      Subcycling state:      			Automatically activated

                      Subcycling statistics:

                        Number of subcycled components:	435
                        Number of subcycles:           		4
                        Percentage of overhead:        		0.78 %

                      ------------------------------------------------------------------------------
2025-11-02 17:46:34   Port: 1

2025-11-02 17:46:34     Discrete element, reference impedance = 72 Ohm  (subcycled)

                      ------------------------------------------------------------------------------
2025-11-02 17:46:34   Port: 2

2025-11-02 17:46:34     Discrete element, reference impedance = 72 Ohm  (subcycled)

                      ------------------------------------------------------------------------------
2025-11-02 17:47:03   
                      --------------------------------------------------------------------------------
2025-11-02 17:47:03   Steady state energy criterion met, solver finished successfully.

                      ------------------------------------------------------------------------------
2025-11-02 17:47:03   Frequency domain results normalized to default signal.


                      ------------------------------------------------------------------------------
2025-11-02 17:47:03   
                        ----------------------------------------------------------------------------
                                            Peak memory used (kB)         Free physical memory (kB) 
                                                                          At begin     Minimum      
                        ----------------------------------------------------------------------------
                        CAD preparation     17508                         3034316      3034316      
                        Matrices calc.      31250                         3022460      2948242      
                        Solver run total    59316                         2945728      2945728      
                        ----------------------------------------------------------------------------

                      --------------------------------------------------------------------------------
                      Solver Statistics:

                        Hardware:
                           Computer name:                 	Vatsals-PC 

                           Number of CPU threads:               8
                           Hardware info:                  	Hardware Accelerator Device not activated

                        Number of mesh cells:             	35301
                        Excitation duration:              	6.50161512e+000 ns 
                        Calculation time for excitation:  	0 	s
                        Number of calculated pulse widths:	2.64689 
                        Steady state accuracy limit:      	-40	dB 
                        Simulated number of time steps:   	864 
                        Maximum number of time steps:     	6528 
                        Time step width:
                           without subcycles:             	7.916607451e-003 ns
                           used:                          	1.991792656e-002 ns

                        Reloading matrices:               	0 	s
                        Solver setup time:                	4 	s
                        Solver loop time:                 	23 	s
                        Solver post-processing time:      	2 	s
                                                          	------------
                        Total solver time:                	29 	s

                      ------------------------------------------------------------------------------
2025-11-02 17:47:04   
                        Total solver time (all cycles):      	95     	s  ( = 0 h, 1 m, 35 s )
                        Solver initialization and clean-up:  	7      	s
                                                             	------------
                        Total simulation time:               	102    	s  ( = 0 h, 1 m, 42 s )

                      ------------------------------------------------------------------------------
2025-11-02 17:47:04   Solver finished at: 2025-11-02 17:47:04 +0530



                      ------------------------------------------------------------------------------
2025-11-02 17:47:06   Creating parametric 1D results for Run ID 7

                      ------------------------------------------------------------------------------
