>2026-01-22 01:00:42.00790< :  Configuring HexMeshEngine...
>2026-01-22 01:00:42.00808< :  Locals Configured.
>2026-01-22 01:00:42.00809< :  Globals Configured.
>2026-01-22 01:00:42.00809< :  Configuration Done.
>2026-01-22 01:00:42.00809< :  HexMeshEngine correctly configured.
>2026-01-22 01:00:42.00809< :  Generating Mesh Line...
>2026-01-22 01:00:42.00812< :  Done.
>2026-01-22 01:00:42.00812< :  Postprocessing...
>2026-01-22 01:00:42.00812< :  Done.
>2026-01-22 01:00:50.00494< :  Configuring HexMeshEngine...
>2026-01-22 01:00:50.00509< :  Locals Configured.
>2026-01-22 01:00:50.00510< :  Globals Configured.
>2026-01-22 01:00:50.00511< :  Configuration Done.
>2026-01-22 01:00:50.00512< :  HexMeshEngine correctly configured.
>2026-01-22 01:00:50.00512< :  Generating Mesh Line...
>2026-01-22 01:00:50.00513< :  Done.
>2026-01-22 01:00:50.00514< :  Postprocessing...
>2026-01-22 01:00:50.00514< :  Done.
>2026-01-22 01:00:52.00686< :  Configuring HexMeshEngine...
>2026-01-22 01:00:52.00701< :  Locals Configured.
>2026-01-22 01:00:52.00702< :  Globals Configured.
>2026-01-22 01:00:52.00702< :  Configuration Done.
>2026-01-22 01:00:52.00703< :  HexMeshEngine correctly configured.
>2026-01-22 01:00:52.00703< :  Generating Mesh Line...
>2026-01-22 01:00:52.00704< :  Done.
>2026-01-22 01:00:52.00704< :  Postprocessing...
>2026-01-22 01:00:52.00705< :  Done.
>2026-01-22 01:00:55.00110< :  Configuring HexMeshEngine...
>2026-01-22 01:00:55.00125< :  Locals Configured.
>2026-01-22 01:00:55.00126< :  Globals Configured.
>2026-01-22 01:00:55.00126< :  Configuration Done.
>2026-01-22 01:00:55.00126< :  HexMeshEngine correctly configured.
>2026-01-22 01:00:55.00127< :  Generating Mesh Line...
>2026-01-22 01:00:55.00128< :  Done.
>2026-01-22 01:00:55.00129< :  Postprocessing...
>2026-01-22 01:00:55.00129< :  Done.
>2026-01-22 01:00:59.00219< :  Configuring HexMeshEngine...
>2026-01-22 01:00:59.00233< :  Locals Configured.
>2026-01-22 01:00:59.00234< :  Globals Configured.
>2026-01-22 01:00:59.00235< :  Configuration Done.
>2026-01-22 01:00:59.00235< :  HexMeshEngine correctly configured.
>2026-01-22 01:00:59.00235< :  Generating Mesh Line...
>2026-01-22 01:00:59.00238< :  Done.
>2026-01-22 01:00:59.00238< :  Postprocessing...
>2026-01-22 01:00:59.00238< :  Done.
