Unknown:
D:\cst_projects\antturnstile433Mhz\Result\farfield (f=0.433)_1[1.0,90]+2[1.0,0.0],[0.433].fme
D:\cst_projects\antturnstile433Mhz\Result\hardware_resources.sconf
D:\cst_projects\antturnstile433Mhz\Result\Hex.gap
D:\cst_projects\antturnstile433Mhz\Result\hexmeshengine.log
D:\cst_projects\antturnstile433Mhz\Result\MCalc-SV.log
D:\cst_projects\antturnstile433Mhz\Result\MCalc.ddi
D:\cst_projects\antturnstile433Mhz\Result\MCalc.log
D:\cst_projects\antturnstile433Mhz\Result\ml_info.log
D:\cst_projects\antturnstile433Mhz\Result\Model.axg
D:\cst_projects\antturnstile433Mhz\Result\Model.coco
D:\cst_projects\antturnstile433Mhz\Result\Model.csid
D:\cst_projects\antturnstile433Mhz\Result\Model.ddi
D:\cst_projects\antturnstile433Mhz\Result\Model.log
D:\cst_projects\antturnstile433Mhz\Result\Model.sa
D:\cst_projects\antturnstile433Mhz\Result\Model.sam
D:\cst_projects\antturnstile433Mhz\Result\ModelPBA.axg
D:\cst_projects\antturnstile433Mhz\Result\m^fifx.dsc
D:\cst_projects\antturnstile433Mhz\Result\m^fqq.dsc
D:\cst_projects\antturnstile433Mhz\Result\Ports.web
D:\cst_projects\antturnstile433Mhz\Result\PP-GPU.log
D:\cst_projects\antturnstile433Mhz\Result\PP-MCalc.log
D:\cst_projects\antturnstile433Mhz\Result\PP-Prio.log
D:\cst_projects\antturnstile433Mhz\Result\p^a.dsc
D:\cst_projects\antturnstile433Mhz\Result\P^m^fbqq.slog
D:\cst_projects\antturnstile433Mhz\Result\P^m^fqq.slog
D:\cst_projects\antturnstile433Mhz\Result\P^p^m.slog
D:\cst_projects\antturnstile433Mhz\Result\P^s^pm.slog
D:\cst_projects\antturnstile433Mhz\Result\Subvolume.log
Mesh:
D:\cst_projects\antturnstile433Mhz\Result\dA.mat
D:\cst_projects\antturnstile433Mhz\Result\dad.mat
D:\cst_projects\antturnstile433Mhz\Result\ds.mat
D:\cst_projects\antturnstile433Mhz\Result\dsd.mat
D:\cst_projects\antturnstile433Mhz\Result\dsMCalc.mat
D:\cst_projects\antturnstile433Mhz\Result\Eps.mat
D:\cst_projects\antturnstile433Mhz\Result\HexMatrix.m2h
D:\cst_projects\antturnstile433Mhz\Result\HexMatrix_MCalc.m2h
D:\cst_projects\antturnstile433Mhz\Result\Kappa.mat
D:\cst_projects\antturnstile433Mhz\Result\MCalc.fmp
D:\cst_projects\antturnstile433Mhz\Result\MCalc.xcfd
D:\cst_projects\antturnstile433Mhz\Result\MCalcCCS_c.mson
D:\cst_projects\antturnstile433Mhz\Result\Meta.m2h
D:\cst_projects\antturnstile433Mhz\Result\Meta.mat
D:\cst_projects\antturnstile433Mhz\Result\Model-fmf.msqlite
D:\cst_projects\antturnstile433Mhz\Result\Model.cct
D:\cst_projects\antturnstile433Mhz\Result\Model.fmf
D:\cst_projects\antturnstile433Mhz\Result\Model.fmm
D:\cst_projects\antturnstile433Mhz\Result\Model.fpc
D:\cst_projects\antturnstile433Mhz\Result\Model.fwf
D:\cst_projects\antturnstile433Mhz\Result\Model.sic
D:\cst_projects\antturnstile433Mhz\Result\Model.sid
D:\cst_projects\antturnstile433Mhz\Result\Model.spi
D:\cst_projects\antturnstile433Mhz\Result\Model.svi
D:\cst_projects\antturnstile433Mhz\Result\Model.xcfd
D:\cst_projects\antturnstile433Mhz\Result\Mue.mat
D:\cst_projects\antturnstile433Mhz\Result\m^fqq.mem
D:\cst_projects\antturnstile433Mhz\Result\PEC.mat
D:\cst_projects\antturnstile433Mhz\Result\Ports.fpt
D:\cst_projects\antturnstile433Mhz\Result\p^a.mem
D:\cst_projects\antturnstile433Mhz\Result\p^m.mem
D:\cst_projects\antturnstile433Mhz\Result\Rho.mat
D:\cst_projects\antturnstile433Mhz\Result\S2HMatrix.m2h
D:\cst_projects\antturnstile433Mhz\Result\Shapes.con
D:\cst_projects\antturnstile433Mhz\Result\s^pm.mem
Port:
D:\cst_projects\antturnstile433Mhz\Result\Model.pmi
