Unknown:
C:\Users\admin\Documents\GitHub\TTC\antenna sims\edwew\Result\farfield (f=433)2D_1[1.0,0.0]+2[1.0,0.0]+3[1.0,0.0]+4[1.0,0.0],[450].ffp
C:\Users\admin\Documents\GitHub\TTC\antenna sims\edwew\Result\farfield (f=433)_1[1.0,0.0]+2[1.0,0.0]+3[1.0,0.0]+4[1.0,0.0],[450].fme
C:\Users\admin\Documents\GitHub\TTC\antenna sims\edwew\Result\hardware_resources.sconf
C:\Users\admin\Documents\GitHub\TTC\antenna sims\edwew\Result\Hex.gap
C:\Users\admin\Documents\GitHub\TTC\antenna sims\edwew\Result\hexmeshengine.log
C:\Users\admin\Documents\GitHub\TTC\antenna sims\edwew\Result\MCalc-SV.log
C:\Users\admin\Documents\GitHub\TTC\antenna sims\edwew\Result\MCalc.ddi
C:\Users\admin\Documents\GitHub\TTC\antenna sims\edwew\Result\MCalc.log
C:\Users\admin\Documents\GitHub\TTC\antenna sims\edwew\Result\ml_info.log
C:\Users\admin\Documents\GitHub\TTC\antenna sims\edwew\Result\Model.axg
C:\Users\admin\Documents\GitHub\TTC\antenna sims\edwew\Result\Model.coco
C:\Users\admin\Documents\GitHub\TTC\antenna sims\edwew\Result\Model.csid
C:\Users\admin\Documents\GitHub\TTC\antenna sims\edwew\Result\Model.ddi
C:\Users\admin\Documents\GitHub\TTC\antenna sims\edwew\Result\Model.log
C:\Users\admin\Documents\GitHub\TTC\antenna sims\edwew\Result\Model.sa
C:\Users\admin\Documents\GitHub\TTC\antenna sims\edwew\Result\Model.sam
C:\Users\admin\Documents\GitHub\TTC\antenna sims\edwew\Result\ModelPBA.axg
C:\Users\admin\Documents\GitHub\TTC\antenna sims\edwew\Result\m^fifx.dsc
C:\Users\admin\Documents\GitHub\TTC\antenna sims\edwew\Result\m^fqq.dsc
C:\Users\admin\Documents\GitHub\TTC\antenna sims\edwew\Result\Ports.web
C:\Users\admin\Documents\GitHub\TTC\antenna sims\edwew\Result\PP-GPU.log
C:\Users\admin\Documents\GitHub\TTC\antenna sims\edwew\Result\PP-MCalc.log
C:\Users\admin\Documents\GitHub\TTC\antenna sims\edwew\Result\PP-Prio.log
C:\Users\admin\Documents\GitHub\TTC\antenna sims\edwew\Result\p^a.dsc
C:\Users\admin\Documents\GitHub\TTC\antenna sims\edwew\Result\P^m^fbqq.slog
C:\Users\admin\Documents\GitHub\TTC\antenna sims\edwew\Result\P^m^fqq.slog
C:\Users\admin\Documents\GitHub\TTC\antenna sims\edwew\Result\P^p^m.slog
C:\Users\admin\Documents\GitHub\TTC\antenna sims\edwew\Result\P^s^pm.slog
C:\Users\admin\Documents\GitHub\TTC\antenna sims\edwew\Result\Subvolume.log
C:\Users\admin\Documents\GitHub\TTC\antenna sims\edwew\Result\WEP.log
Mesh:
C:\Users\admin\Documents\GitHub\TTC\antenna sims\edwew\Result\dA.mat
C:\Users\admin\Documents\GitHub\TTC\antenna sims\edwew\Result\dad.mat
C:\Users\admin\Documents\GitHub\TTC\antenna sims\edwew\Result\ds.mat
C:\Users\admin\Documents\GitHub\TTC\antenna sims\edwew\Result\dsd.mat
C:\Users\admin\Documents\GitHub\TTC\antenna sims\edwew\Result\dsMCalc.mat
C:\Users\admin\Documents\GitHub\TTC\antenna sims\edwew\Result\Eps.mat
C:\Users\admin\Documents\GitHub\TTC\antenna sims\edwew\Result\HexMatrix.m2h
C:\Users\admin\Documents\GitHub\TTC\antenna sims\edwew\Result\HexMatrix_MCalc.m2h
C:\Users\admin\Documents\GitHub\TTC\antenna sims\edwew\Result\MCalc.fmp
C:\Users\admin\Documents\GitHub\TTC\antenna sims\edwew\Result\MCalc.xcfd
C:\Users\admin\Documents\GitHub\TTC\antenna sims\edwew\Result\MCalcCCS_c.mson
C:\Users\admin\Documents\GitHub\TTC\antenna sims\edwew\Result\Meta.m2h
C:\Users\admin\Documents\GitHub\TTC\antenna sims\edwew\Result\Meta.mat
C:\Users\admin\Documents\GitHub\TTC\antenna sims\edwew\Result\Model-fmf.msqlite
C:\Users\admin\Documents\GitHub\TTC\antenna sims\edwew\Result\Model.cct
C:\Users\admin\Documents\GitHub\TTC\antenna sims\edwew\Result\Model.fmf
C:\Users\admin\Documents\GitHub\TTC\antenna sims\edwew\Result\Model.fmm
C:\Users\admin\Documents\GitHub\TTC\antenna sims\edwew\Result\Model.fpc
C:\Users\admin\Documents\GitHub\TTC\antenna sims\edwew\Result\Model.fwf
C:\Users\admin\Documents\GitHub\TTC\antenna sims\edwew\Result\Model.sic
C:\Users\admin\Documents\GitHub\TTC\antenna sims\edwew\Result\Model.sid
C:\Users\admin\Documents\GitHub\TTC\antenna sims\edwew\Result\Model.spi
C:\Users\admin\Documents\GitHub\TTC\antenna sims\edwew\Result\Model.svi
C:\Users\admin\Documents\GitHub\TTC\antenna sims\edwew\Result\Model.xcfd
C:\Users\admin\Documents\GitHub\TTC\antenna sims\edwew\Result\Mue.mat
C:\Users\admin\Documents\GitHub\TTC\antenna sims\edwew\Result\m^fqq.mem
C:\Users\admin\Documents\GitHub\TTC\antenna sims\edwew\Result\PEC.mat
C:\Users\admin\Documents\GitHub\TTC\antenna sims\edwew\Result\Ports.fpt
C:\Users\admin\Documents\GitHub\TTC\antenna sims\edwew\Result\p^a.mem
C:\Users\admin\Documents\GitHub\TTC\antenna sims\edwew\Result\p^m.mem
C:\Users\admin\Documents\GitHub\TTC\antenna sims\edwew\Result\Rho.mat
C:\Users\admin\Documents\GitHub\TTC\antenna sims\edwew\Result\S2HMatrix.m2h
C:\Users\admin\Documents\GitHub\TTC\antenna sims\edwew\Result\Shapes.con
C:\Users\admin\Documents\GitHub\TTC\antenna sims\edwew\Result\s^pm.mem
Port:
C:\Users\admin\Documents\GitHub\TTC\antenna sims\edwew\Result\Model.pmi
