Unknown:
C:\Users\admin\Documents\GitHub\TTC\antenna sims\something\Result\farfield (f=437)2D_1.ffp
C:\Users\admin\Documents\GitHub\TTC\antenna sims\something\Result\farfield (f=437)_1.fme
C:\Users\admin\Documents\GitHub\TTC\antenna sims\something\Result\hardware_resources.sconf
C:\Users\admin\Documents\GitHub\TTC\antenna sims\something\Result\Hex.gap
C:\Users\admin\Documents\GitHub\TTC\antenna sims\something\Result\hexmeshengine.log
C:\Users\admin\Documents\GitHub\TTC\antenna sims\something\Result\MCalc-SV.log
C:\Users\admin\Documents\GitHub\TTC\antenna sims\something\Result\MCalc.ddi
C:\Users\admin\Documents\GitHub\TTC\antenna sims\something\Result\MCalc.log
C:\Users\admin\Documents\GitHub\TTC\antenna sims\something\Result\ml_info.log
C:\Users\admin\Documents\GitHub\TTC\antenna sims\something\Result\Model.axg
C:\Users\admin\Documents\GitHub\TTC\antenna sims\something\Result\Model.coco
C:\Users\admin\Documents\GitHub\TTC\antenna sims\something\Result\Model.csid
C:\Users\admin\Documents\GitHub\TTC\antenna sims\something\Result\Model.ddi
C:\Users\admin\Documents\GitHub\TTC\antenna sims\something\Result\Model.log
C:\Users\admin\Documents\GitHub\TTC\antenna sims\something\Result\Model.sa
C:\Users\admin\Documents\GitHub\TTC\antenna sims\something\Result\Model.sam
C:\Users\admin\Documents\GitHub\TTC\antenna sims\something\Result\ModelPBA.axg
C:\Users\admin\Documents\GitHub\TTC\antenna sims\something\Result\m^fifx.dsc
C:\Users\admin\Documents\GitHub\TTC\antenna sims\something\Result\m^fqq.dsc
C:\Users\admin\Documents\GitHub\TTC\antenna sims\something\Result\Ports.web
C:\Users\admin\Documents\GitHub\TTC\antenna sims\something\Result\PP-GPU.log
C:\Users\admin\Documents\GitHub\TTC\antenna sims\something\Result\PP-MCalc.log
C:\Users\admin\Documents\GitHub\TTC\antenna sims\something\Result\PP-Prio.log
C:\Users\admin\Documents\GitHub\TTC\antenna sims\something\Result\p^a.dsc
C:\Users\admin\Documents\GitHub\TTC\antenna sims\something\Result\P^m^fbqq.slog
C:\Users\admin\Documents\GitHub\TTC\antenna sims\something\Result\P^m^fqq.slog
C:\Users\admin\Documents\GitHub\TTC\antenna sims\something\Result\P^p^m.slog
C:\Users\admin\Documents\GitHub\TTC\antenna sims\something\Result\P^s^pm.slog
C:\Users\admin\Documents\GitHub\TTC\antenna sims\something\Result\Subvolume.log
Mesh:
C:\Users\admin\Documents\GitHub\TTC\antenna sims\something\Result\dA.mat
C:\Users\admin\Documents\GitHub\TTC\antenna sims\something\Result\dad.mat
C:\Users\admin\Documents\GitHub\TTC\antenna sims\something\Result\ds.mat
C:\Users\admin\Documents\GitHub\TTC\antenna sims\something\Result\dsd.mat
C:\Users\admin\Documents\GitHub\TTC\antenna sims\something\Result\dsMCalc.mat
C:\Users\admin\Documents\GitHub\TTC\antenna sims\something\Result\Eps.mat
C:\Users\admin\Documents\GitHub\TTC\antenna sims\something\Result\HexMatrix.m2h
C:\Users\admin\Documents\GitHub\TTC\antenna sims\something\Result\HexMatrix_MCalc.m2h
C:\Users\admin\Documents\GitHub\TTC\antenna sims\something\Result\MCalc.fmp
C:\Users\admin\Documents\GitHub\TTC\antenna sims\something\Result\MCalc.xcfd
C:\Users\admin\Documents\GitHub\TTC\antenna sims\something\Result\MCalcCCS_c.mson
C:\Users\admin\Documents\GitHub\TTC\antenna sims\something\Result\Meta.m2h
C:\Users\admin\Documents\GitHub\TTC\antenna sims\something\Result\Meta.mat
C:\Users\admin\Documents\GitHub\TTC\antenna sims\something\Result\Model-fmf.msqlite
C:\Users\admin\Documents\GitHub\TTC\antenna sims\something\Result\Model.cct
C:\Users\admin\Documents\GitHub\TTC\antenna sims\something\Result\Model.fmf
C:\Users\admin\Documents\GitHub\TTC\antenna sims\something\Result\Model.fmm
C:\Users\admin\Documents\GitHub\TTC\antenna sims\something\Result\Model.fpc
C:\Users\admin\Documents\GitHub\TTC\antenna sims\something\Result\Model.fwf
C:\Users\admin\Documents\GitHub\TTC\antenna sims\something\Result\Model.sic
C:\Users\admin\Documents\GitHub\TTC\antenna sims\something\Result\Model.sid
C:\Users\admin\Documents\GitHub\TTC\antenna sims\something\Result\Model.spi
C:\Users\admin\Documents\GitHub\TTC\antenna sims\something\Result\Model.svi
C:\Users\admin\Documents\GitHub\TTC\antenna sims\something\Result\Model.xcfd
C:\Users\admin\Documents\GitHub\TTC\antenna sims\something\Result\Mue.mat
C:\Users\admin\Documents\GitHub\TTC\antenna sims\something\Result\m^fqq.mem
C:\Users\admin\Documents\GitHub\TTC\antenna sims\something\Result\PEC.mat
C:\Users\admin\Documents\GitHub\TTC\antenna sims\something\Result\Ports.fpt
C:\Users\admin\Documents\GitHub\TTC\antenna sims\something\Result\p^a.mem
C:\Users\admin\Documents\GitHub\TTC\antenna sims\something\Result\p^m.mem
C:\Users\admin\Documents\GitHub\TTC\antenna sims\something\Result\Rho.mat
C:\Users\admin\Documents\GitHub\TTC\antenna sims\something\Result\S2HMatrix.m2h
C:\Users\admin\Documents\GitHub\TTC\antenna sims\something\Result\Shapes.con
C:\Users\admin\Documents\GitHub\TTC\antenna sims\something\Result\s^pm.mem
Port:
C:\Users\admin\Documents\GitHub\TTC\antenna sims\something\Result\Model.pmi
