Unknown:
C:\Users\admin\Documents\GitHub\TTC\antenna sims\helical_2.4GHz\Result\hardware_resources.sconf
C:\Users\admin\Documents\GitHub\TTC\antenna sims\helical_2.4GHz\Result\Hex.gap
C:\Users\admin\Documents\GitHub\TTC\antenna sims\helical_2.4GHz\Result\MCalc.log
C:\Users\admin\Documents\GitHub\TTC\antenna sims\helical_2.4GHz\Result\Model.csid
C:\Users\admin\Documents\GitHub\TTC\antenna sims\helical_2.4GHz\Result\Model.log
C:\Users\admin\Documents\GitHub\TTC\antenna sims\helical_2.4GHz\Result\Model.sa
C:\Users\admin\Documents\GitHub\TTC\antenna sims\helical_2.4GHz\Result\Model.sam
C:\Users\admin\Documents\GitHub\TTC\antenna sims\helical_2.4GHz\Result\Model_1.csid
C:\Users\admin\Documents\GitHub\TTC\antenna sims\helical_2.4GHz\Result\Model_1.sam
C:\Users\admin\Documents\GitHub\TTC\antenna sims\helical_2.4GHz\Result\P^m^fb.slog
Mesh:
C:\Users\admin\Documents\GitHub\TTC\antenna sims\helical_2.4GHz\Result\MCalc.xcfd
C:\Users\admin\Documents\GitHub\TTC\antenna sims\helical_2.4GHz\Result\MCalcCCS_c.mson
C:\Users\admin\Documents\GitHub\TTC\antenna sims\helical_2.4GHz\Result\Model.fmm
C:\Users\admin\Documents\GitHub\TTC\antenna sims\helical_2.4GHz\Result\Model.sid
C:\Users\admin\Documents\GitHub\TTC\antenna sims\helical_2.4GHz\Result\Model.xcfd
C:\Users\admin\Documents\GitHub\TTC\antenna sims\helical_2.4GHz\Result\Port1.wgi
C:\Users\admin\Documents\GitHub\TTC\antenna sims\helical_2.4GHz\Result\Shapes.con
Port:
