>2026-01-07 18:54:15.00732< :  Configuring HexMeshEngine...
>2026-01-07 18:54:15.00746< :  Locals Configured.
>2026-01-07 18:54:15.00766< :  Globals Configured.
>2026-01-07 18:54:15.00784< :  Configuration Done.
>2026-01-07 18:54:15.00804< :  HexMeshEngine correctly configured.
>2026-01-07 18:54:15.00819< :  Generating Mesh Line...
>2026-01-07 18:54:15.00840< :  Done.
>2026-01-07 18:54:15.00859< :  Postprocessing...
>2026-01-07 18:54:15.00879< :  Done.
>2026-01-07 18:54:19.00824< :  Configuring HexMeshEngine...
>2026-01-07 18:54:19.00842< :  Locals Configured.
>2026-01-07 18:54:19.00857< :  Globals Configured.
>2026-01-07 18:54:19.00879< :  Configuration Done.
>2026-01-07 18:54:19.00896< :  HexMeshEngine correctly configured.
>2026-01-07 18:54:19.00912< :  Generating Mesh Line...
>2026-01-07 18:54:19.00932< :  Done.
>2026-01-07 18:54:19.00948< :  Postprocessing...
>2026-01-07 18:54:19.00968< :  Done.
>2026-01-07 18:54:24.00164< :  Configuring HexMeshEngine...
>2026-01-07 18:54:24.00196< :  Locals Configured.
>2026-01-07 18:54:24.00221< :  Globals Configured.
>2026-01-07 18:54:24.00246< :  Configuration Done.
>2026-01-07 18:54:24.00264< :  HexMeshEngine correctly configured.
>2026-01-07 18:54:24.00284< :  Generating Mesh Line...
>2026-01-07 18:54:24.00307< :  Done.
>2026-01-07 18:54:24.00328< :  Postprocessing...
>2026-01-07 18:54:24.00344< :  Done.
>2026-01-07 18:54:27.00740< :  Configuring HexMeshEngine...
>2026-01-07 18:54:27.00768< :  Locals Configured.
>2026-01-07 18:54:27.00787< :  Globals Configured.
>2026-01-07 18:54:27.00804< :  Configuration Done.
>2026-01-07 18:54:27.00821< :  HexMeshEngine correctly configured.
>2026-01-07 18:54:27.00838< :  Generating Mesh Line...
>2026-01-07 18:54:27.00861< :  Done.
>2026-01-07 18:54:27.00879< :  Postprocessing...
>2026-01-07 18:54:27.00896< :  Done.
>2026-01-07 18:54:29.00813< :  Configuring HexMeshEngine...
>2026-01-07 18:54:29.00839< :  Locals Configured.
>2026-01-07 18:54:29.00860< :  Globals Configured.
>2026-01-07 18:54:29.00886< :  Configuration Done.
>2026-01-07 18:54:29.00905< :  HexMeshEngine correctly configured.
>2026-01-07 18:54:29.00928< :  Generating Mesh Line...
>2026-01-07 18:54:29.00951< :  Done.
>2026-01-07 18:54:29.00974< :  Postprocessing...
>2026-01-07 18:54:29.00991< :  Done.
>2026-01-07 18:54:32.00669< :  Configuring HexMeshEngine...
>2026-01-07 18:54:32.00695< :  Locals Configured.
>2026-01-07 18:54:32.00720< :  Globals Configured.
>2026-01-07 18:54:32.00736< :  Configuration Done.
>2026-01-07 18:54:32.00757< :  HexMeshEngine correctly configured.
>2026-01-07 18:54:32.00780< :  Generating Mesh Line...
>2026-01-07 18:54:32.00806< :  Done.
>2026-01-07 18:54:32.00832< :  Postprocessing...
>2026-01-07 18:54:32.00850< :  Done.
>2026-01-07 18:54:35.00633< :  Configuring HexMeshEngine...
>2026-01-07 18:54:35.00659< :  Locals Configured.
>2026-01-07 18:54:35.00685< :  Globals Configured.
>2026-01-07 18:54:35.00706< :  Configuration Done.
>2026-01-07 18:54:35.00727< :  HexMeshEngine correctly configured.
>2026-01-07 18:54:35.00743< :  Generating Mesh Line...
>2026-01-07 18:54:35.00759< :  Done.
>2026-01-07 18:54:35.00774< :  Postprocessing...
>2026-01-07 18:54:35.00791< :  Done.
>2026-01-07 18:54:40.00455< :  Configuring HexMeshEngine...
>2026-01-07 18:54:40.00475< :  Locals Configured.
>2026-01-07 18:54:40.00489< :  Globals Configured.
>2026-01-07 18:54:40.00506< :  Configuration Done.
>2026-01-07 18:54:40.00528< :  HexMeshEngine correctly configured.
>2026-01-07 18:54:40.00543< :  Generating Mesh Line...
>2026-01-07 18:54:40.00568< :  Done.
>2026-01-07 18:54:40.00584< :  Postprocessing...
>2026-01-07 18:54:40.00608< :  Done.
>2026-01-07 18:54:42.00333< :  Configuring HexMeshEngine...
>2026-01-07 18:54:42.00355< :  Locals Configured.
>2026-01-07 18:54:42.00378< :  Globals Configured.
>2026-01-07 18:54:42.00399< :  Configuration Done.
>2026-01-07 18:54:42.00420< :  HexMeshEngine correctly configured.
>2026-01-07 18:54:42.00443< :  Generating Mesh Line...
>2026-01-07 18:54:42.00465< :  Done.
>2026-01-07 18:54:42.00490< :  Postprocessing...
>2026-01-07 18:54:42.00515< :  Done.
>2026-01-07 18:54:44.00651< :  Configuring HexMeshEngine...
>2026-01-07 18:54:44.00669< :  Locals Configured.
>2026-01-07 18:54:44.00686< :  Globals Configured.
>2026-01-07 18:54:44.00703< :  Configuration Done.
>2026-01-07 18:54:44.00719< :  HexMeshEngine correctly configured.
>2026-01-07 18:54:44.00743< :  Generating Mesh Line...
>2026-01-07 18:54:44.00766< :  Done.
>2026-01-07 18:54:44.00784< :  Postprocessing...
>2026-01-07 18:54:44.00800< :  Done.
>2026-01-07 18:54:46.00940< :  Configuring HexMeshEngine...
>2026-01-07 18:54:46.00965< :  Locals Configured.
>2026-01-07 18:54:46.00980< :  Globals Configured.
>2026-01-07 18:54:47.00000< :  Configuration Done.
>2026-01-07 18:54:47.00017< :  HexMeshEngine correctly configured.
>2026-01-07 18:54:47.00039< :  Generating Mesh Line...
>2026-01-07 18:54:47.00060< :  Done.
>2026-01-07 18:54:47.00077< :  Postprocessing...
>2026-01-07 18:54:47.00094< :  Done.
>2026-01-07 18:54:52.00390< :  Configuring HexMeshEngine...
>2026-01-07 18:54:52.00412< :  Locals Configured.
>2026-01-07 18:54:52.00430< :  Globals Configured.
>2026-01-07 18:54:52.00447< :  Configuration Done.
>2026-01-07 18:54:52.00463< :  HexMeshEngine correctly configured.
>2026-01-07 18:54:52.00481< :  Generating Mesh Line...
>2026-01-07 18:54:52.00505< :  Done.
>2026-01-07 18:54:52.00529< :  Postprocessing...
>2026-01-07 18:54:52.00546< :  Done.
