Frontend-Node:  =======================================================================
                FPBA has been activated in order to calculate connectivity information.
                =======================================================================

>>>>>>>>>>>>>>>>>>>>>>>>>>>>>>>>
Wed Wed Jan  7 18:24:55 2026
started: parallelization control
>>>>>>>>>>>>>>>>>>>>>>>>>>>>>>>>

=============================================================================================================
Access to CPU cores has been restricted for this process, reduce number of parallel matrixcalcs from 8 to 16.
=============================================================================================================

==================================================================================================
 - hardware info
   + cpu name                    : Intel(R) Core(TM) i7-14650HX
   + sockets                     : 1
   + cores per socket            : 8
   + hyperthreading              : on
   + ht-units                    : 2
   + efficiency cores            : 8, not used
   + max cpuid level             : 32
   + max cpuid ext. level        : 8
   + numa nodes                  : 1
   + Numa Memory Info
     numa node     installed     available    (MByte)
       0                 0          5655
   + internal cpu info           : CPUID: selected engine is 'Leaf 0xB detection'
performance cores:
apic ids           : 0, 1, 8, 9, 16, 17, 24, 25, 32, 33, 40, 41, 48, 49, 56, 57
apic ids (fallback): 0, 1, 8, 9, 16, 17, 24, 25, 32, 33, 40, 41, 48, 49, 56, 57
from cpu registers: 0, 1, 8, 9, 16, 17, 24, 25, 32, 33, 40, 41, 48, 49, 56, 57
fallback: 0, 1, 8, 9, 16, 17, 24, 25, 32, 33, 40, 41, 48, 49, 56, 57
combined: 0, 1, 8, 9, 16, 17, 24, 25, 32, 33, 40, 41, 48, 49, 56, 57
core 0 type: Intel Core
core 1 type: Intel Core
core 2 type: Intel Core
core 3 type: Intel Core
core 4 type: Intel Core
core 5 type: Intel Core
core 6 type: Intel Core
core 7 type: Intel Core
core 8 type: Intel Core
core 9 type: Intel Core
core 10 type: Intel Core
core 11 type: Intel Core
core 12 type: Intel Core
core 13 type: Intel Core
core 14 type: Intel Core
core 15 type: Intel Core
max id per cpu: 128
SMT mask: 1
Core mask: 7e
Package mask: ffffff80
set results:
  - packages: 1
  - cores: 8
  - smts: 2
generate core map, new implementation
0, 1, 2, 3, 4, 5, 6, 7, 8, 9, 10, 11, 12, 13, 14, 15
packages: 1
cores   : 8
ht units: 2
efficiency cores:
apic ids           : 64, 66, 68, 70, 72, 74, 76, 78
apic ids (fallback): 64, 66, 68, 70, 72, 74, 76, 78
from cpu registers: 64, 66, 68, 70, 72, 74, 76, 78
fallback: 64, 66, 68, 70, 72, 74, 76, 78
combined: 64, 66, 68, 70, 72, 74, 76, 78
core 0 type: Intel Atom
core 1 type: Intel Atom
core 2 type: Intel Atom
core 3 type: Intel Atom
core 4 type: Intel Atom
core 5 type: Intel Atom
core 6 type: Intel Atom
core 7 type: Intel Atom
max id per cpu: 128
SMT mask: 1
Core mask: 7e
Package mask: ffffff80
set results:
  - packages: 1
  - cores: 8
  - smts: 1
generate core map, new implementation
0, 1, 2, 3, 4, 5, 6, 7
packages: 1
cores   : 8
ht units: 1
 - pinning rule in use   : PINNING_RULE_MCALC_SKIP_ALL
 - desired group         : 0
 - num cores available   : 24
 - efficiency cores      : 8, not used
 - active core list from affinity: 
   + num accessible procs          : 24
   + num logical procs             : 24
   + current affinity (env)        : 0,1,2,3,4,5,6,7,8,9,10,11,12,13,14,15,16,17,18,19,20,21,22,23
   + sockets ids in                : 0
   + core list                  (1): 0,2,4,6,8,10,12,14,16,17,18,19,20,21,22,23
 - active cores          : 0,2,4,6,8,10,12,14,16,17,18,19,20,21,22,23
 - hyperthreading        : on
 - allowed core ids      : 0,2,4,6,8,10,12,14
 - allowed core ids (aff): 10101010 10101010 00000000 
 - used mask (string)    : 10101010 10101010 00000000 
==================================================================================================

==========================================================================
Version: 2025.4 Release from 2025-04-11 (change 1409410) [Release]
Workflow: QQ-Facets
Operation: [acis, fpba, bg]
Architecture: Windows, ID: AMD64
System Windows-64bit
Using processor group 0/1
Matrix calculation information:
# of Nodes: 0
Concurrency: 0
Start ID: 0
Node ID: 0
HEX Mesh information:
Hex mesh: global: [hxr o(0 | 0 | 0) s(58 | 35 | 50) np (no TSTs): 101500] 
==========================================================================

>>>>>>>>>>>>>>>>>>>>>>>>>>>>>
Wed Wed Jan  7 18:24:55 2026
started: processing CAD model
>>>>>>>>>>>>>>>>>>>>>>>>>>>>>

========================================================================
Processing CAD model (for field results)
	[Improved internal geometry representation]
	[Accuracy improvement for long shapes in inhomogeneous mesh regions]
Version: 2025.4 Release from 2025-04-11 (change 1409410)
PBA version: default, 2.20240218
Model compatibility: 2025.20250411
Sub-Workflow: Facets-QQ-GEX
Workflow updated: -
Wed Wed Jan  7 18:24:55 2026
========================================================================

========================================================================
The maximum supported number of mesh cells without MPI is: 2,147,483,647
========================================================================

===========================================
Finished CAD processing (for field results)
===========================================

<<<<<<<<<<<<<<<<<<<<<<<<<<<<<<<<<<<<<<<<<<<<
Wed Wed Jan  7 18:24:58 2026
Resource usage for processing CAD model:
	Runtime                 00:00:02.00646 s
	Peak Memory Usage:               22 MB
<<<<<<<<<<<<<<<<<<<<<<<<<<<<<<<<<<<<<<<<<<<<

>>>>>>>>>>>>>>>>>>>>>>>>>>>>>
Wed Wed Jan  7 18:24:58 2026
started: processing CAD model
>>>>>>>>>>>>>>>>>>>>>>>>>>>>>

>2026-01-07 18:54:58.00307< matrixcalc_AMD64 @ DESKTOP-7SP1ERU:  !!!!!!!!!!!!!!!!!!!!!!!!!!!!!!!!!!!!!!!
                                                                 current system memory usage reached 65%
                                                                 !!!!!!!!!!!!!!!!!!!!!!!!!!!!!!!!!!!!!!!

========================================================================
Processing CAD model
	[Improved internal geometry representation]
	[Accuracy improvement for long shapes in inhomogeneous mesh regions]
Version: 2025.4 Release from 2025-04-11 (change 1409410)
PBA version: default, 2.20240218
Model compatibility: 2025.20250411
Sub-Workflow: Facets-QQ-GEX
Workflow updated: -
Wed Wed Jan  7 18:24:58 2026
========================================================================

----------------------------------------------
Used point accuracy enhancement value: 62.00%.
----------------------------------------------

=============================================================================
Mesh statistics:
-----------------------------------------------------------------------------
Minimum edge length (x): 5 @ mesh line 26 (x)
Maximum edge length (x): 37.9 @ mesh line 1 (x)
Minimum face area (x): 25 @ mesh lines 9 | 39 (y | z)
Maximum face area (x): 1.34e+03 @ mesh lines 33 | 48 (y | z)
Minimum edge length (y): 5 @ mesh line 9 (y)
Maximum edge length (y): 36.6 @ mesh line 33 (y)
Minimum face area (y): 25 @ mesh lines 39 | 26 (z | x)
Maximum face area (y): 1.39e+03 @ mesh lines 48 | 1 (z | x)
Minimum edge length (z): 5 @ mesh line 39 (z)
Maximum edge length (z): 36.6 @ mesh line 48 (z)
Minimum face area (z): 25 @ mesh lines 26 | 9 (x | y)
Maximum face area (z): 1.39e+03 @ mesh lines 1 | 33 (x | y)
Maximum mesh face aspect ratio (x): 7.32 : 1.0  @ mesh lines 33 | 39 (y | z)
Maximum mesh face aspect ratio (y): 7.58 : 1.0  @ mesh lines 39 | 1 (z | x)
Maximum mesh face aspect ratio (z): 7.58 : 1.0  @ mesh lines 1 | 9 (x | y)
=============================================================================

=============================================================================
Available resources to store TST cells: 2147382147 (2115647.44% of mesh size)
=============================================================================

========================================================================
The maximum supported number of mesh cells without MPI is: 2,147,483,647
========================================================================

------------------------------------------------------------------------------------------------
Geometry processing log
	PEC background is represented by CAD geometry: false
	Background shape: added
	Multithread portion: 100.00
	Number of CAD shapes: 7
	Number of lumps: 1
------------------------------------------------------------------------------------------------
=========================================
== CST Matrix Calculation Priority Log ==
=========================================
Priorities are sorted in ascending order beginning with the lowest priority
 
Group | Shape-ID | ShapeName | Material | User-priority | 2D/3D-Geometry | Material-attributes | Shape-attributes | Feature-ID | Schemetype
1 | 9 | </cst/Boundaries/> Low^X | $NFSMaterial$ | n/a | no | normal.vacuum. | boundary. | n/a | FIT_TD
1 | 10 | </cst/Boundaries/> Low^Y | $NFSMaterial$ | n/a | no | normal.vacuum. | boundary. | n/a | FIT_TD
1 | 11 | </cst/Boundaries/> Low^Z | $NFSMaterial$ | n/a | no | normal.vacuum. | boundary. | n/a | FIT_TD
1 | 12 | </cst/Boundaries/> Up^X | $NFSMaterial$ | n/a | no | normal.vacuum. | boundary. | n/a | FIT_TD
1 | 13 | </cst/Boundaries/> Up^Y | $NFSMaterial$ | n/a | no | normal.vacuum. | boundary. | n/a | FIT_TD
1 | 14 | </cst/Boundaries/> Up^Z | $NFSMaterial$ | n/a | no | normal.vacuum. | boundary. | n/a | FIT_TD
2 | 15 | </cst/Ports/> discrete_face_port:1^t0 | Aluminum | n/a | no | pec.rho.surface-impedance. | face-element.face-port.sheet. | n/a | FIT_TD
2 | 16 | </cst/Ports/> discrete_face_port:1^t1 | Aluminum | n/a | no | pec.rho.surface-impedance. | face-element.face-port.sheet. | n/a | FIT_TD
3 | 1 | component1:sat | Aluminum | n/a | yes | pec.rho.surface-impedance. | solid. | n/a | FIT_TD
3 | 2 | component1:solid1 | Aluminum | n/a | yes | pec.rho.surface-impedance. | solid. | n/a | FIT_TD
3 | 3 | component1:solid1_1 | Steel-1008 | n/a | yes | pec.rho.surface-impedance. | solid. | n/a | FIT_TD
3 | 4 | component1:solid1_2 | Steel-1008 | n/a | yes | pec.rho.surface-impedance. | solid. | n/a | FIT_TD
3 | 5 | component1:solid2 | Aluminum | n/a | yes | pec.rho.surface-impedance. | solid. | n/a | FIT_TD
3 | 6 | component1:solid3 | Aluminum | n/a | yes | pec.rho.surface-impedance. | solid. | n/a | FIT_TD
3 | 8 | component1:solid3 (Lump 2) | Aluminum | n/a | yes | pec.rho.surface-impedance. | solid. | n/a | FIT_TD
4 | 7 | discrete_face_port:1 | PEC | n/a | yes | pec. | face-center-gap.face-element.face-port.sheet. | n/a | FIT_TD
=========================================
************************************************************************************************
General settings
	PBA version: default, 2.20240218, potentials: not required
	Model compatibility: 2025.20250411
	Software version: 2025.4 Release from 2025-04-11 (change 1409410)
	TST specials: -
------------------------------------------------------------------------------------------------
Geometry processor: default
	Geo accuracy: 62.000000
	Watertightness check: true
	Self intersection check: false
	Inheritance (all): false
	Normal dominance (all): false
	Normal dominance (ports): false
	Flanges hollow: true
	One shape per flange: false
	Multi threading: true
		max # of threads used: 16
		requested max # of threads: 16
		representation: indexed
		method: multi thread
		retry: no
------------------------------------------------------------------------------------------------
CAD processing settings are set to default
------------------------------------------------------------------------------------------------
Connectivity settings
	Workflow selection: 0
	Workflow version: 20190101
	Gap detection: true
	Gap detection version: 2
	TST version: default, 2.20240218, potentials: not required
	QQ workflow: true
	CoCo workflow: true
	Legacy topology: false
	Connectivity check: true
------------------------------------------------------------------------------------------------
------------------------------------------------------------------------------------------------
CAD Processing Version Info
	ACIS version installed:	34.0.1
	ACIS version used:	34.0.1
------------------------------------------------------------------------------------------------
Success method:	multi-thread-22
************************************************************************************************

-------------------------------------------------------------------------------
TST aware field source monitor processing forced by environment variable: false
No TST aware field source monitors to be processed
-------------------------------------------------------------------------------

=======================
Finished CAD processing
=======================

<<<<<<<<<<<<<<<<<<<<<<<<<<<<<<<<<<<<<<<<<<<<
Wed Wed Jan  7 18:24:59 2026
Resource usage for processing CAD model:
	Runtime                 00:00:01.00001 s
	Peak Memory Usage:               25 MB
<<<<<<<<<<<<<<<<<<<<<<<<<<<<<<<<<<<<<<<<<<<<

=============================================================================================================
Access to CPU cores has been restricted for this process, reduce number of parallel matrixcalcs from 8 to 16.
=============================================================================================================

=============================================================================================================
Access to CPU cores has been restricted for this process, reduce number of parallel matrixcalcs from 8 to 16.
=============================================================================================================

=============================================================================================================
Access to CPU cores has been restricted for this process, reduce number of parallel matrixcalcs from 8 to 16.
=============================================================================================================

------------------------------------------------------------
Parallelization Info
------------------------------------------------------------
Hyperthreading active: true
Hyperthreading used: false
Number of concurrent threads: 4
Number of concurrent threads using GPU: 0
Number of node domains: 4
Domains-to-threads scaling: 2
Average FI domain size: 1e+04
Nice mode: true
Delayed matrix calculation start: false
Load balancing: Version 20090403
Number of mesh fill domains: 8
Memory downscale: 1
Shared memory representation: read/write
CPU load: 25.00%
Emptiness: 0.00%
Hex mesh complexity: 0.09496
Geometric complexity: 0.00627
lower size limit of domain (1D): 60
------------------------------------------------------------
Node order
3, 1, 2, 0
------------------------------------------------------------

-------------------------------------------------------------------
Matrix calculation job submit section 0
Currently running jobs: 0
Waiting jobs: 4
Concurrency for section: 4/4
Memory physically installed: 16.8735 GB
Memory currently available: 5.9088 GB
Memory already used: 10.9648 GB
Memory reserved: 0 GB - Scale: 0.6
Matrix calculation @ 1xN-Node 0003
	Mesh coverage: 2917200.00 %
	Estimated peak memory usage per node: 82 MB , tightness: 1.39 %
	GPU acceleration: off
	Processor group: 0
Matrix calculation @ 1xN-Node 0001
	Mesh coverage: 2210000.00 %
	Estimated peak memory usage per node: 82 MB , tightness: 1.39 %
	GPU acceleration: off
	Processor group: 0
Matrix calculation @ 1xN-Node 0002
	Mesh coverage: 2692800.00 %
	Estimated peak memory usage per node: 82 MB , tightness: 1.39 %
	GPU acceleration: off
	Processor group: 0
Matrix calculation @ 1xN-Node 0000
	Mesh coverage: 2040000.00 %
	Estimated peak memory usage per node: 82 MB , tightness: 1.39 %
	GPU acceleration: off
	Processor group: 0
Node distribution on 1 processor group: 4
-------------------------------------------------------------------

------------------------------------
Mesh: # of points excl. TSTs: 101500
      # of points incl. TSTs: 103270
------------------------------------

===========================================
Data rearrangement statistics:
Disk IO directories:	00:00:00.0010
Disk IO node domain files:	00:00:00.0242
Disk IO FI domain files:	00:00:00.0000
Disk IO meta information:	00:00:00.0022
Sequential merge (TST):	00:00:00.0000
===========================================

1xN000:  ========================================================================
         [Boundaries] - MCalc
         open-add-space, mpi, open-add-space, open-add-space, open-add-space, mpi
         ========================================================================

1xN000:  ========================================
         [Mesh] Matrix calculation - NO ACIS mode
         [Mesh] 1xN MPI or parallelization mode
         ========================================

1xN000:  =============================
         [Mesh] Expansion: 0 2 0 0 0 2
         =============================

1xN000:  ==================================================
         [Mesh] world: o(0000,0000,0000) e(0058,0035,0050)
         [Mesh] l-1xN: o(0000,0000,0000) e(0026,0035,0025)
         [Mesh] e-1xN: o(0000,0000,0000) e(0028,0035,0027)
         [Mesh] g-MPI: not available
         [Mesh] bound offset: (0 | 2 | 0)
         ==================================================

1xN000:  ==================================================================================================
          - hardware info
            + cpu name                    : Intel(R) Core(TM) i7-14650HX
            + sockets                     : 1
            + cores per socket            : 8
            + hyperthreading              : on
            + ht-units                    : 2
            + efficiency cores            : 8, not used
            + max cpuid level             : 32
            + max cpuid ext. level        : 8
            + numa nodes                  : 1
            + Numa Memory Info
              numa node     installed     available    (MByte)
                0                 0          5628
            + internal cpu info           : CPUID: selected engine is 'Leaf 0xB detection'
         performance cores:
         apic ids           : 0, 1, 8, 9, 16, 17, 24, 25, 32, 33, 40, 41, 48, 49, 56, 57
         apic ids (fallback): 0, 1, 8, 9, 16, 17, 24, 25, 32, 33, 40, 41, 48, 49, 56, 57
         from cpu registers: 0, 1, 8, 9, 16, 17, 24, 25, 32, 33, 40, 41, 48, 49, 56, 57
         fallback: 0, 1, 8, 9, 16, 17, 24, 25, 32, 33, 40, 41, 48, 49, 56, 57
         combined: 0, 1, 8, 9, 16, 17, 24, 25, 32, 33, 40, 41, 48, 49, 56, 57
         core 0 type: Intel Core
         core 1 type: Intel Core
         core 2 type: Intel Core
         core 3 type: Intel Core
         core 4 type: Intel Core
         core 5 type: Intel Core
         core 6 type: Intel Core
         core 7 type: Intel Core
         core 8 type: Intel Core
         core 9 type: Intel Core
         core 10 type: Intel Core
         core 11 type: Intel Core
         core 12 type: Intel Core
         core 13 type: Intel Core
         core 14 type: Intel Core
         core 15 type: Intel Core
         max id per cpu: 128
         SMT mask: 1
         Core mask: 7e
         Package mask: ffffff80
         set results:
           - packages: 1
           - cores: 8
           - smts: 2
         generate core map, new implementation
         0, 1, 2, 3, 4, 5, 6, 7, 8, 9, 10, 11, 12, 13, 14, 15
         packages: 1
         cores   : 8
         ht units: 2
         efficiency cores:
         apic ids           : 64, 66, 68, 70, 72, 74, 76, 78
         apic ids (fallback): 64, 66, 68, 70, 72, 74, 76, 78
         from cpu registers: 64, 66, 68, 70, 72, 74, 76, 78
         fallback: 64, 66, 68, 70, 72, 74, 76, 78
         combined: 64, 66, 68, 70, 72, 74, 76, 78
         core 0 type: Intel Atom
         core 1 type: Intel Atom
         core 2 type: Intel Atom
         core 3 type: Intel Atom
         core 4 type: Intel Atom
         core 5 type: Intel Atom
         core 6 type: Intel Atom
         core 7 type: Intel Atom
         max id per cpu: 128
         SMT mask: 1
         Core mask: 7e
         Package mask: ffffff80
         set results:
           - packages: 1
           - cores: 8
           - smts: 1
         generate core map, new implementation
         0, 1, 2, 3, 4, 5, 6, 7
         packages: 1
         cores   : 8
         ht units: 1
          - pinning rule in use   : PINNING_RULE_MCALC_SKIP_ALL
          - desired group         : 0
          - num cores available   : 24
          - efficiency cores      : 8, not used
          - active core list from affinity:
            + num accessible procs          : 24
            + num logical procs             : 24
            + current affinity (env)        : 0,1,2,3,4,5,6,7,8,9,10,11,12,13,14,15,16,17,18,19,20,21,22,23
            + sockets ids in                : 0
            + core list                  (1): 0,1,2,3,4,5,6,7,8,9,10,11,12,13,14,15,16,17,18,19,20,21,22,23
          - active cores          : 0,1,2,3,4,5,6,7,8,9,10,11,12,13,14,15,16,17,18,19,20,21,22,23
          - hyperthreading        : on
          - skip pinning: + allowed number of sockets = available number of sockets
                          + hyperthreading allowed by solver
         ==================================================================================================

1xN000:  ===================================================================================================
         Version: 2025.4 Release from 2025-04-11 (change 1409410) [Release]
         Workflow: PBA matrix coefficients
         Operation: [fpba, meshfill, bg, port-path, tst, tst-nextgen, coeff, surface-imp, connectivity-tree]
         Architecture: Windows, ID: AMD64
         System Windows-64bit
         Using processor group 0/1
         Matrix calculation information:
         # of Nodes: 4
         Concurrency: 4
         Start ID: 3
         Node ID: 0
         HEX Mesh information:
         Hex mesh: node: [hxr o(0 | 0 | 0) s(26 | 35 | 25) np (no TSTs): 22750]
         Hex mesh: extended: [hxr o(0 | 0 | 0) s(28 | 35 | 27) np (no TSTs): 26460]
         ===================================================================================================

1xN000:  -----------------------------------------------------
         Memory status on node "1xN000" for matrix calculation
         	Estimated memory consumption: 0.0820034 GB
         	Physical memory installed: 16.8735 GB
         	Available physical memory: 5.88292 GB
         	Available relative memory: 34.8647 %
         -----------------------------------------------------

1xN000:  >>>>>>>>>>>>>>>>>>>>>>>>>>>>>>>>>>>>>>>>>>>>>>>>>
         Wed Wed Jan  7 18:25:00 2026
         started: calculating matrix coefficients per node
         >>>>>>>>>>>>>>>>>>>>>>>>>>>>>>>>>>>>>>>>>>>>>>>>>

1xN000:  ============================================================
         Matrix computation (PBA)
         	[Perfect Boundary Approximation (PBA), version: default]
         	[GPU acceleration: off (by user)]
         Version: 2025.4 Release from 2025-04-11 (change 1409410)
         PBA version: default, 2.20240218
         Model compatibility: 2025.20250411
         Sub-Workflow: FARM-1xN-TST2-Node
         Workflow updated: -
         Wed Wed Jan  7 18:25:00 2026
         ============================================================

1xN000:  ----------------------------------------------
         Used point accuracy enhancement value: 62.00%.
         ----------------------------------------------

1xN000:  -------------------------------------------------
         Geometry representation: shared-attached
         Shared memory: read-only
         FARM allocation scheme: PA
         Parallelization: on, used

1xN000:  Gap-Detection activated for FARM-topology. Gaps are resolved, even partially.: gap tolerance value is 0.001000 and mesh geometry scale is 0.001000
1xN000:
1xN000:



1xN000:  ----------------------
         Acceleration mode: CPU
         ----------------------

1xN000:  Port homogenization method: M2H point index deviation
1xN000:  cccccccccccccccccccccccccccccccccccccccccccccccccccccccccccccccccccc
         FARM/Meshfill cache is set to 8 (local FI domains: 4, dynamic: true)
         cccccccccccccccccccccccccccccccccccccccccccccccccccccccccccccccccccc

1xN000:  =============================================================
         Hex cell analyzer settings:
         	max number of E fields per mesh edge: 2
         	max number of H fields per mesh face: 4
         	supporting dual grid: false
         	performance improvement: ROI limit: true
         	performance improvement: ROI threshold: 2
         	performance improvement: single topology extraction: true
         	performance improvement: pre-categorize cell volume: true
         	periodic align: 0
         	periodic cells: true
         	homogenization version: pid
         =============================================================

1xN000:  ===============
         TST specials: -
         ===============

1xN000:  ===============================================================================================================================================
         TST cell analysis in range (0 | 0 | 0) -> (28 | 35 | 27) [total range (0 | 0 | 0) -> (58 | 35 | 50)]  [mpi range (0 | 0 | 0) -> (58 | 35 | 50)]
         ===============================================================================================================================================

1xN000:  -------------------------
         TST Statistics:
         E Split (148 | 0 | 158)
         E Adapt (185 | 132 | 170)
         B Split (128 | 328 | 120)
         B Adapt (31 | 5 | 29)
         -------------------------

1xN000:  -------------------------------------------------------------
         TST Version 2.20240218, tst tiny faces fix: on, TST1 BWC: off
         -------------------------------------------------------------

1xN000:  ssssssssssssssssssssssssssssssssssssssssss
         # of curls with SI accuracy enhancement: 0
         ssssssssssssssssssssssssssssssssssssssssss

1xN000:  ------------------------------------------------------------------------------
         PBA fill limit is applied in inverse mode.
         PBA fill limit is applied on faces filled with at least 98.63% metal material.
         --------------------------------------------------------------
         detailed accuracy settings:
         --------------------------------------------------------------
         augmented fill limit:       true
         augmented fill limit value: 98.63
         automatic fill limit:       true
         early fill limit:           true
         inverse fill limit:         true
         model complexity:           0.00
         legacy 2015:                false
         fixed point accuracy:       false
         minimum point accuracy:     0
         mesh step inheritance:      false
         accuracy mode:
         ------------------------------------------------------------------------------

1xN000:  -------------------------------------------------------------------------------
         TST aware field source monitor processing forced by environment variable: false
         No TST aware field source monitors to be processed
         -------------------------------------------------------------------------------

1xN000:  =================================
         Finished matrix computation (PBA)
         =================================

1xN000:  <<<<<<<<<<<<<<<<<<<<<<<<<<<<<<<<<<<<<<<<<<<<<<<<<<<<<<<<<<<<
         Wed Wed Jan  7 18:25:02 2026
         Resource usage for calculating matrix coefficients per node:
         	Runtime                          00:00:01.00506 s
         	Peak Memory Estimation:                   82 MB
         	Peak Memory Usage:                        32 MB
         <<<<<<<<<<<<<<<<<<<<<<<<<<<<<<<<<<<<<<<<<<<<<<<<<<<<<<<<<<<<



1xN001:  ========================================================================
         [Boundaries] - MCalc
         open-add-space, mpi, open-add-space, open-add-space, mpi, open-add-space
         ========================================================================

1xN001:  ========================================
         [Mesh] Matrix calculation - NO ACIS mode
         [Mesh] 1xN MPI or parallelization mode
         ========================================

1xN001:  ==============================
         [Mesh] Expansion: 0 2 0 0 -2 0
         ==============================

1xN001:  ==================================================
         [Mesh] world: o(0000,0000,0000) e(0058,0035,0050)
         [Mesh] l-1xN: o(0000,0000,0023) e(0026,0035,0050)
         [Mesh] e-1xN: o(0000,0000,0021) e(0028,0035,0050)
         [Mesh] g-MPI: not available
         [Mesh] bound offset: (0 | 2 | 0)
         ==================================================

1xN001:  ==================================================================================================
          - hardware info
            + cpu name                    : Intel(R) Core(TM) i7-14650HX
            + sockets                     : 1
            + cores per socket            : 8
            + hyperthreading              : on
            + ht-units                    : 2
            + efficiency cores            : 8, not used
            + max cpuid level             : 32
            + max cpuid ext. level        : 8
            + numa nodes                  : 1
            + Numa Memory Info
              numa node     installed     available    (MByte)
                0                 0          5628
            + internal cpu info           : CPUID: selected engine is 'Leaf 0xB detection'
         performance cores:
         apic ids           : 0, 1, 8, 9, 16, 17, 24, 25, 32, 33, 40, 41, 48, 49, 56, 57
         apic ids (fallback): 0, 1, 8, 9, 16, 17, 24, 25, 32, 33, 40, 41, 48, 49, 56, 57
         from cpu registers: 0, 1, 8, 9, 16, 17, 24, 25, 32, 33, 40, 41, 48, 49, 56, 57
         fallback: 0, 1, 8, 9, 16, 17, 24, 25, 32, 33, 40, 41, 48, 49, 56, 57
         combined: 0, 1, 8, 9, 16, 17, 24, 25, 32, 33, 40, 41, 48, 49, 56, 57
         core 0 type: Intel Core
         core 1 type: Intel Core
         core 2 type: Intel Core
         core 3 type: Intel Core
         core 4 type: Intel Core
         core 5 type: Intel Core
         core 6 type: Intel Core
         core 7 type: Intel Core
         core 8 type: Intel Core
         core 9 type: Intel Core
         core 10 type: Intel Core
         core 11 type: Intel Core
         core 12 type: Intel Core
         core 13 type: Intel Core
         core 14 type: Intel Core
         core 15 type: Intel Core
         max id per cpu: 128
         SMT mask: 1
         Core mask: 7e
         Package mask: ffffff80
         set results:
           - packages: 1
           - cores: 8
           - smts: 2
         generate core map, new implementation
         0, 1, 2, 3, 4, 5, 6, 7, 8, 9, 10, 11, 12, 13, 14, 15
         packages: 1
         cores   : 8
         ht units: 2
         efficiency cores:
         apic ids           : 64, 66, 68, 70, 72, 74, 76, 78
         apic ids (fallback): 64, 66, 68, 70, 72, 74, 76, 78
         from cpu registers: 64, 66, 68, 70, 72, 74, 76, 78
         fallback: 64, 66, 68, 70, 72, 74, 76, 78
         combined: 64, 66, 68, 70, 72, 74, 76, 78
         core 0 type: Intel Atom
         core 1 type: Intel Atom
         core 2 type: Intel Atom
         core 3 type: Intel Atom
         core 4 type: Intel Atom
         core 5 type: Intel Atom
         core 6 type: Intel Atom
         core 7 type: Intel Atom
         max id per cpu: 128
         SMT mask: 1
         Core mask: 7e
         Package mask: ffffff80
         set results:
           - packages: 1
           - cores: 8
           - smts: 1
         generate core map, new implementation
         0, 1, 2, 3, 4, 5, 6, 7
         packages: 1
         cores   : 8
         ht units: 1
          - pinning rule in use   : PINNING_RULE_MCALC_SKIP_ALL
          - desired group         : 0
          - num cores available   : 24
          - efficiency cores      : 8, not used
          - active core list from affinity:
            + num accessible procs          : 24
            + num logical procs             : 24
            + current affinity (env)        : 0,1,2,3,4,5,6,7,8,9,10,11,12,13,14,15,16,17,18,19,20,21,22,23
            + sockets ids in                : 0
            + core list                  (1): 0,1,2,3,4,5,6,7,8,9,10,11,12,13,14,15,16,17,18,19,20,21,22,23
          - active cores          : 0,1,2,3,4,5,6,7,8,9,10,11,12,13,14,15,16,17,18,19,20,21,22,23
          - hyperthreading        : on
          - skip pinning: + allowed number of sockets = available number of sockets
                          + hyperthreading allowed by solver
         ==================================================================================================

1xN001:  ===================================================================================================
         Version: 2025.4 Release from 2025-04-11 (change 1409410) [Release]
         Workflow: PBA matrix coefficients
         Operation: [fpba, meshfill, bg, port-path, tst, tst-nextgen, coeff, surface-imp, connectivity-tree]
         Architecture: Windows, ID: AMD64
         System Windows-64bit
         Using processor group 0/1
         Matrix calculation information:
         # of Nodes: 4
         Concurrency: 4
         Start ID: 1
         Node ID: 1
         HEX Mesh information:
         Hex mesh: node: [hxr o(0 | 0 | 23) s(26 | 35 | 27) np (no TSTs): 24570]
         Hex mesh: extended: [hxr o(0 | 0 | 21) s(28 | 35 | 29) np (no TSTs): 28420]
         ===================================================================================================

1xN001:  -----------------------------------------------------
         Memory status on node "1xN001" for matrix calculation
         	Estimated memory consumption: 0.0820587 GB
         	Physical memory installed: 16.8735 GB
         	Available physical memory: 5.8827 GB
         	Available relative memory: 34.8635 %
         -----------------------------------------------------

1xN001:  >>>>>>>>>>>>>>>>>>>>>>>>>>>>>>>>>>>>>>>>>>>>>>>>>
         Wed Wed Jan  7 18:25:00 2026
         started: calculating matrix coefficients per node
         >>>>>>>>>>>>>>>>>>>>>>>>>>>>>>>>>>>>>>>>>>>>>>>>>

1xN001:  ============================================================
         Matrix computation (PBA)
         	[Perfect Boundary Approximation (PBA), version: default]
         	[GPU acceleration: off (by user)]
         Version: 2025.4 Release from 2025-04-11 (change 1409410)
         PBA version: default, 2.20240218
         Model compatibility: 2025.20250411
         Sub-Workflow: FARM-1xN-TST2-Node
         Workflow updated: -
         Wed Wed Jan  7 18:25:00 2026
         ============================================================

1xN001:  ----------------------------------------------
         Used point accuracy enhancement value: 62.00%.
         ----------------------------------------------

1xN001:  -------------------------------------------------
         Geometry representation: shared-attached
         Shared memory: read-only
         FARM allocation scheme: PA
         Parallelization: on, used

1xN001:  Gap-Detection activated for FARM-topology. Gaps are resolved, even partially.: gap tolerance value is 0.001000 and mesh geometry scale is 0.001000
1xN001:
1xN001:



1xN001:  ----------------------
         Acceleration mode: CPU
         ----------------------

1xN001:  Port homogenization method: M2H point index deviation
1xN001:  cccccccccccccccccccccccccccccccccccccccccccccccccccccccccccccccccccc
         FARM/Meshfill cache is set to 8 (local FI domains: 4, dynamic: true)
         cccccccccccccccccccccccccccccccccccccccccccccccccccccccccccccccccccc

1xN001:  =============================================================
         Hex cell analyzer settings:
         	max number of E fields per mesh edge: 2
         	max number of H fields per mesh face: 4
         	supporting dual grid: false
         	performance improvement: ROI limit: true
         	performance improvement: ROI threshold: 2
         	performance improvement: single topology extraction: true
         	performance improvement: pre-categorize cell volume: true
         	periodic align: 0
         	periodic cells: true
         	homogenization version: pid
         =============================================================

1xN001:  ===============
         TST specials: -
         ===============

1xN001:  ================================================================================================================================================
         TST cell analysis in range (0 | 0 | 21) -> (28 | 35 | 50) [total range (0 | 0 | 0) -> (58 | 35 | 50)]  [mpi range (0 | 0 | 0) -> (58 | 35 | 50)]
         ================================================================================================================================================

1xN001:  ----------------------
         TST Statistics:
         E Split (28 | 0 | 38)
         E Adapt (65 | 36 | 50)
         B Split (32 | 88 | 24)
         B Adapt (7 | 0 | 5)
         ----------------------

1xN001:  -------------------------------------------------------------
         TST Version 2.20240218, tst tiny faces fix: on, TST1 BWC: off
         -------------------------------------------------------------

1xN001:  ssssssssssssssssssssssssssssssssssssssssss
         # of curls with SI accuracy enhancement: 0
         ssssssssssssssssssssssssssssssssssssssssss

1xN001:  ------------------------------------------------------------------------------
         PBA fill limit is applied in inverse mode.
         PBA fill limit is applied on faces filled with at least 98.63% metal material.
         --------------------------------------------------------------
         detailed accuracy settings:
         --------------------------------------------------------------
         augmented fill limit:       true
         augmented fill limit value: 98.63
         automatic fill limit:       true
         early fill limit:           true
         inverse fill limit:         true
         model complexity:           0.00
         legacy 2015:                false
         fixed point accuracy:       false
         minimum point accuracy:     0
         mesh step inheritance:      false
         accuracy mode:
         ------------------------------------------------------------------------------

1xN001:  -------------------------------------------------------------------------------
         TST aware field source monitor processing forced by environment variable: false
         No TST aware field source monitors to be processed
         -------------------------------------------------------------------------------

1xN001:  =================================
         Finished matrix computation (PBA)
         =================================

1xN001:  <<<<<<<<<<<<<<<<<<<<<<<<<<<<<<<<<<<<<<<<<<<<<<<<<<<<<<<<<<<<
         Wed Wed Jan  7 18:25:02 2026
         Resource usage for calculating matrix coefficients per node:
         	Runtime                          00:00:01.00928 s
         	Peak Memory Estimation:                   82 MB
         	Peak Memory Usage:                        37 MB
         <<<<<<<<<<<<<<<<<<<<<<<<<<<<<<<<<<<<<<<<<<<<<<<<<<<<<<<<<<<<



1xN002:  ========================================================================
         [Boundaries] - MCalc
         mpi, open-add-space, open-add-space, open-add-space, open-add-space, mpi
         ========================================================================

1xN002:  ========================================
         [Mesh] Matrix calculation - NO ACIS mode
         [Mesh] 1xN MPI or parallelization mode
         ========================================

1xN002:  ==============================
         [Mesh] Expansion: -2 0 0 0 0 2
         ==============================

1xN002:  ==================================================
         [Mesh] world: o(0000,0000,0000) e(0058,0035,0050)
         [Mesh] l-1xN: o(0024,0000,0000) e(0058,0035,0025)
         [Mesh] e-1xN: o(0022,0000,0000) e(0058,0035,0027)
         [Mesh] g-MPI: not available
         [Mesh] bound offset: (-2 | 0 | 0)
         ==================================================

1xN002:  ==================================================================================================
          - hardware info
            + cpu name                    : Intel(R) Core(TM) i7-14650HX
            + sockets                     : 1
            + cores per socket            : 8
            + hyperthreading              : on
            + ht-units                    : 2
            + efficiency cores            : 8, not used
            + max cpuid level             : 32
            + max cpuid ext. level        : 8
            + numa nodes                  : 1
            + Numa Memory Info
              numa node     installed     available    (MByte)
                0                 0          5628
            + internal cpu info           : CPUID: selected engine is 'Leaf 0xB detection'
         performance cores:
         apic ids           : 0, 1, 8, 9, 16, 17, 24, 25, 32, 33, 40, 41, 48, 49, 56, 57
         apic ids (fallback): 0, 1, 8, 9, 16, 17, 24, 25, 32, 33, 40, 41, 48, 49, 56, 57
         from cpu registers: 0, 1, 8, 9, 16, 17, 24, 25, 32, 33, 40, 41, 48, 49, 56, 57
         fallback: 0, 1, 8, 9, 16, 17, 24, 25, 32, 33, 40, 41, 48, 49, 56, 57
         combined: 0, 1, 8, 9, 16, 17, 24, 25, 32, 33, 40, 41, 48, 49, 56, 57
         core 0 type: Intel Core
         core 1 type: Intel Core
         core 2 type: Intel Core
         core 3 type: Intel Core
         core 4 type: Intel Core
         core 5 type: Intel Core
         core 6 type: Intel Core
         core 7 type: Intel Core
         core 8 type: Intel Core
         core 9 type: Intel Core
         core 10 type: Intel Core
         core 11 type: Intel Core
         core 12 type: Intel Core
         core 13 type: Intel Core
         core 14 type: Intel Core
         core 15 type: Intel Core
         max id per cpu: 128
         SMT mask: 1
         Core mask: 7e
         Package mask: ffffff80
         set results:
           - packages: 1
           - cores: 8
           - smts: 2
         generate core map, new implementation
         0, 1, 2, 3, 4, 5, 6, 7, 8, 9, 10, 11, 12, 13, 14, 15
         packages: 1
         cores   : 8
         ht units: 2
         efficiency cores:
         apic ids           : 64, 66, 68, 70, 72, 74, 76, 78
         apic ids (fallback): 64, 66, 68, 70, 72, 74, 76, 78
         from cpu registers: 64, 66, 68, 70, 72, 74, 76, 78
         fallback: 64, 66, 68, 70, 72, 74, 76, 78
         combined: 64, 66, 68, 70, 72, 74, 76, 78
         core 0 type: Intel Atom
         core 1 type: Intel Atom
         core 2 type: Intel Atom
         core 3 type: Intel Atom
         core 4 type: Intel Atom
         core 5 type: Intel Atom
         core 6 type: Intel Atom
         core 7 type: Intel Atom
         max id per cpu: 128
         SMT mask: 1
         Core mask: 7e
         Package mask: ffffff80
         set results:
           - packages: 1
           - cores: 8
           - smts: 1
         generate core map, new implementation
         0, 1, 2, 3, 4, 5, 6, 7
         packages: 1
         cores   : 8
         ht units: 1
          - pinning rule in use   : PINNING_RULE_MCALC_SKIP_ALL
          - desired group         : 0
          - num cores available   : 24
          - efficiency cores      : 8, not used
          - active core list from affinity:
            + num accessible procs          : 24
            + num logical procs             : 24
            + current affinity (env)        : 0,1,2,3,4,5,6,7,8,9,10,11,12,13,14,15,16,17,18,19,20,21,22,23
            + sockets ids in                : 0
            + core list                  (1): 0,1,2,3,4,5,6,7,8,9,10,11,12,13,14,15,16,17,18,19,20,21,22,23
          - active cores          : 0,1,2,3,4,5,6,7,8,9,10,11,12,13,14,15,16,17,18,19,20,21,22,23
          - hyperthreading        : on
          - skip pinning: + allowed number of sockets = available number of sockets
                          + hyperthreading allowed by solver
         ==================================================================================================

1xN002:  ===================================================================================================
         Version: 2025.4 Release from 2025-04-11 (change 1409410) [Release]
         Workflow: PBA matrix coefficients
         Operation: [fpba, meshfill, bg, port-path, tst, tst-nextgen, coeff, surface-imp, connectivity-tree]
         Architecture: Windows, ID: AMD64
         System Windows-64bit
         Using processor group 0/1
         Matrix calculation information:
         # of Nodes: 4
         Concurrency: 4
         Start ID: 2
         Node ID: 2
         HEX Mesh information:
         Hex mesh: node: [hxr o(24 | 0 | 0) s(34 | 35 | 25) np (no TSTs): 29750]
         Hex mesh: extended: [hxr o(22 | 0 | 0) s(36 | 35 | 27) np (no TSTs): 34020]
         ===================================================================================================

1xN002:  -----------------------------------------------------
         Memory status on node "1xN002" for matrix calculation
         	Estimated memory consumption: 0.0820068 GB
         	Physical memory installed: 16.8735 GB
         	Available physical memory: 5.88412 GB
         	Available relative memory: 34.8719 %
         -----------------------------------------------------

1xN002:  >>>>>>>>>>>>>>>>>>>>>>>>>>>>>>>>>>>>>>>>>>>>>>>>>
         Wed Wed Jan  7 18:25:00 2026
         started: calculating matrix coefficients per node
         >>>>>>>>>>>>>>>>>>>>>>>>>>>>>>>>>>>>>>>>>>>>>>>>>

1xN002:  ============================================================
         Matrix computation (PBA)
         	[Perfect Boundary Approximation (PBA), version: default]
         	[GPU acceleration: off (by user)]
         Version: 2025.4 Release from 2025-04-11 (change 1409410)
         PBA version: default, 2.20240218
         Model compatibility: 2025.20250411
         Sub-Workflow: FARM-1xN-TST2-Node
         Workflow updated: -
         Wed Wed Jan  7 18:25:00 2026
         ============================================================

1xN002:  ----------------------------------------------
         Used point accuracy enhancement value: 62.00%.
         ----------------------------------------------

1xN002:  -------------------------------------------------
         Geometry representation: shared-attached
         Shared memory: read-only
         FARM allocation scheme: PA
         Parallelization: on, used

1xN002:  Gap-Detection activated for FARM-topology. Gaps are resolved, even partially.: gap tolerance value is 0.001000 and mesh geometry scale is 0.001000
1xN002:
1xN002:



1xN002:  ----------------------
         Acceleration mode: CPU
         ----------------------

1xN002:  Port homogenization method: M2H point index deviation
1xN002:  cccccccccccccccccccccccccccccccccccccccccccccccccccccccccccccccccccc
         FARM/Meshfill cache is set to 8 (local FI domains: 8, dynamic: true)
         cccccccccccccccccccccccccccccccccccccccccccccccccccccccccccccccccccc

1xN002:  =============================================================
         Hex cell analyzer settings:
         	max number of E fields per mesh edge: 2
         	max number of H fields per mesh face: 4
         	supporting dual grid: false
         	performance improvement: ROI limit: true
         	performance improvement: ROI threshold: 2
         	performance improvement: single topology extraction: true
         	performance improvement: pre-categorize cell volume: true
         	periodic align: 0
         	periodic cells: true
         	homogenization version: pid
         =============================================================

1xN002:  ===============
         TST specials: -
         ===============

1xN002:  ================================================================================================================================================
         TST cell analysis in range (22 | 0 | 0) -> (58 | 35 | 27) [total range (0 | 0 | 0) -> (58 | 35 | 50)]  [mpi range (0 | 0 | 0) -> (58 | 35 | 50)]
         ================================================================================================================================================

1xN002:  -------------------------
         TST Statistics:
         E Split (160 | 0 | 188)
         E Adapt (235 | 156 | 206)
         B Split (152 | 390 | 128)
         B Adapt (37 | 5 | 32)
         -------------------------

1xN002:  -------------------------------------------------------------
         TST Version 2.20240218, tst tiny faces fix: on, TST1 BWC: off
         -------------------------------------------------------------

1xN002:  ssssssssssssssssssssssssssssssssssssssssss
         # of curls with SI accuracy enhancement: 0
         ssssssssssssssssssssssssssssssssssssssssss

1xN002:  ------------------------------------------------------------------------------
         PBA fill limit is applied in inverse mode.
         PBA fill limit is applied on faces filled with at least 98.63% metal material.
         --------------------------------------------------------------
         detailed accuracy settings:
         --------------------------------------------------------------
         augmented fill limit:       true
         augmented fill limit value: 98.63
         automatic fill limit:       true
         early fill limit:           true
         inverse fill limit:         true
         model complexity:           0.00
         legacy 2015:                false
         fixed point accuracy:       false
         minimum point accuracy:     0
         mesh step inheritance:      false
         accuracy mode:
         ------------------------------------------------------------------------------

1xN002:  -------------------------------------------------------------------------------
         TST aware field source monitor processing forced by environment variable: false
         No TST aware field source monitors to be processed
         -------------------------------------------------------------------------------

1xN002:  =================================
         Finished matrix computation (PBA)
         =================================

1xN002:  <<<<<<<<<<<<<<<<<<<<<<<<<<<<<<<<<<<<<<<<<<<<<<<<<<<<<<<<<<<<
         Wed Wed Jan  7 18:25:02 2026
         Resource usage for calculating matrix coefficients per node:
         	Runtime                          00:00:01.00846 s
         	Peak Memory Estimation:                   82 MB
         	Peak Memory Usage:                        37 MB
         <<<<<<<<<<<<<<<<<<<<<<<<<<<<<<<<<<<<<<<<<<<<<<<<<<<<<<<<<<<<



1xN003:  ========================================================================
         [Boundaries] - MCalc
         mpi, open-add-space, open-add-space, open-add-space, mpi, open-add-space
         ========================================================================

1xN003:  ========================================
         [Mesh] Matrix calculation - NO ACIS mode
         [Mesh] 1xN MPI or parallelization mode
         ========================================

1xN003:  ===============================
         [Mesh] Expansion: -2 0 0 0 -2 0
         ===============================

1xN003:  ==================================================
         [Mesh] world: o(0000,0000,0000) e(0058,0035,0050)
         [Mesh] l-1xN: o(0024,0000,0023) e(0058,0035,0050)
         [Mesh] e-1xN: o(0022,0000,0021) e(0058,0035,0050)
         [Mesh] g-MPI: not available
         [Mesh] bound offset: (-2 | 0 | 0)
         ==================================================

1xN003:  ==================================================================================================
          - hardware info
            + cpu name                    : Intel(R) Core(TM) i7-14650HX
            + sockets                     : 1
            + cores per socket            : 8
            + hyperthreading              : on
            + ht-units                    : 2
            + efficiency cores            : 8, not used
            + max cpuid level             : 32
            + max cpuid ext. level        : 8
            + numa nodes                  : 1
            + Numa Memory Info
              numa node     installed     available    (MByte)
                0                 0          5628
            + internal cpu info           : CPUID: selected engine is 'Leaf 0xB detection'
         performance cores:
         apic ids           : 0, 1, 8, 9, 16, 17, 24, 25, 32, 33, 40, 41, 48, 49, 56, 57
         apic ids (fallback): 0, 1, 8, 9, 16, 17, 24, 25, 32, 33, 40, 41, 48, 49, 56, 57
         from cpu registers: 0, 1, 8, 9, 16, 17, 24, 25, 32, 33, 40, 41, 48, 49, 56, 57
         fallback: 0, 1, 8, 9, 16, 17, 24, 25, 32, 33, 40, 41, 48, 49, 56, 57
         combined: 0, 1, 8, 9, 16, 17, 24, 25, 32, 33, 40, 41, 48, 49, 56, 57
         core 0 type: Intel Core
         core 1 type: Intel Core
         core 2 type: Intel Core
         core 3 type: Intel Core
         core 4 type: Intel Core
         core 5 type: Intel Core
         core 6 type: Intel Core
         core 7 type: Intel Core
         core 8 type: Intel Core
         core 9 type: Intel Core
         core 10 type: Intel Core
         core 11 type: Intel Core
         core 12 type: Intel Core
         core 13 type: Intel Core
         core 14 type: Intel Core
         core 15 type: Intel Core
         max id per cpu: 128
         SMT mask: 1
         Core mask: 7e
         Package mask: ffffff80
         set results:
           - packages: 1
           - cores: 8
           - smts: 2
         generate core map, new implementation
         0, 1, 2, 3, 4, 5, 6, 7, 8, 9, 10, 11, 12, 13, 14, 15
         packages: 1
         cores   : 8
         ht units: 2
         efficiency cores:
         apic ids           : 64, 66, 68, 70, 72, 74, 76, 78
         apic ids (fallback): 64, 66, 68, 70, 72, 74, 76, 78
         from cpu registers: 64, 66, 68, 70, 72, 74, 76, 78
         fallback: 64, 66, 68, 70, 72, 74, 76, 78
         combined: 64, 66, 68, 70, 72, 74, 76, 78
         core 0 type: Intel Atom
         core 1 type: Intel Atom
         core 2 type: Intel Atom
         core 3 type: Intel Atom
         core 4 type: Intel Atom
         core 5 type: Intel Atom
         core 6 type: Intel Atom
         core 7 type: Intel Atom
         max id per cpu: 128
         SMT mask: 1
         Core mask: 7e
         Package mask: ffffff80
         set results:
           - packages: 1
           - cores: 8
           - smts: 1
         generate core map, new implementation
         0, 1, 2, 3, 4, 5, 6, 7
         packages: 1
         cores   : 8
         ht units: 1
          - pinning rule in use   : PINNING_RULE_MCALC_SKIP_ALL
          - desired group         : 0
          - num cores available   : 24
          - efficiency cores      : 8, not used
          - active core list from affinity:
            + num accessible procs          : 24
            + num logical procs             : 24
            + current affinity (env)        : 0,1,2,3,4,5,6,7,8,9,10,11,12,13,14,15,16,17,18,19,20,21,22,23
            + sockets ids in                : 0
            + core list                  (1): 0,1,2,3,4,5,6,7,8,9,10,11,12,13,14,15,16,17,18,19,20,21,22,23
          - active cores          : 0,1,2,3,4,5,6,7,8,9,10,11,12,13,14,15,16,17,18,19,20,21,22,23
          - hyperthreading        : on
          - skip pinning: + allowed number of sockets = available number of sockets
                          + hyperthreading allowed by solver
         ==================================================================================================

1xN003:  ===================================================================================================
         Version: 2025.4 Release from 2025-04-11 (change 1409410) [Release]
         Workflow: PBA matrix coefficients
         Operation: [fpba, meshfill, bg, port-path, tst, tst-nextgen, coeff, surface-imp, connectivity-tree]
         Architecture: Windows, ID: AMD64
         System Windows-64bit
         Using processor group 0/1
         Matrix calculation information:
         # of Nodes: 4
         Concurrency: 4
         Start ID: 0
         Node ID: 3
         HEX Mesh information:
         Hex mesh: node: [hxr o(24 | 0 | 23) s(34 | 35 | 27) np (no TSTs): 32130]
         Hex mesh: extended: [hxr o(22 | 0 | 21) s(36 | 35 | 29) np (no TSTs): 36540]
         ===================================================================================================

1xN003:  -----------------------------------------------------
         Memory status on node "1xN003" for matrix calculation
         	Estimated memory consumption: 0.0820627 GB
         	Physical memory installed: 16.8735 GB
         	Available physical memory: 5.88412 GB
         	Available relative memory: 34.8719 %
         -----------------------------------------------------

1xN003:  >>>>>>>>>>>>>>>>>>>>>>>>>>>>>>>>>>>>>>>>>>>>>>>>>
         Wed Wed Jan  7 18:25:00 2026
         started: calculating matrix coefficients per node
         >>>>>>>>>>>>>>>>>>>>>>>>>>>>>>>>>>>>>>>>>>>>>>>>>

1xN003:  ============================================================
         Matrix computation (PBA)
         	[Perfect Boundary Approximation (PBA), version: default]
         	[GPU acceleration: off (by user)]
         Version: 2025.4 Release from 2025-04-11 (change 1409410)
         PBA version: default, 2.20240218
         Model compatibility: 2025.20250411
         Sub-Workflow: FARM-1xN-TST2-Node
         Workflow updated: -
         Wed Wed Jan  7 18:25:00 2026
         ============================================================

1xN003:  ----------------------------------------------
         Used point accuracy enhancement value: 62.00%.
         ----------------------------------------------

1xN003:  -------------------------------------------------
         Geometry representation: shared-attached
         Shared memory: read-only
         FARM allocation scheme: PA
         Parallelization: on, used

1xN003:  Gap-Detection activated for FARM-topology. Gaps are resolved, even partially.: gap tolerance value is 0.001000 and mesh geometry scale is 0.001000
1xN003:
1xN003:



1xN003:  ----------------------
         Acceleration mode: CPU
         ----------------------

1xN003:  Port homogenization method: M2H point index deviation
1xN003:  cccccccccccccccccccccccccccccccccccccccccccccccccccccccccccccccccccc
         FARM/Meshfill cache is set to 8 (local FI domains: 8, dynamic: true)
         cccccccccccccccccccccccccccccccccccccccccccccccccccccccccccccccccccc

1xN003:  =============================================================
         Hex cell analyzer settings:
         	max number of E fields per mesh edge: 2
         	max number of H fields per mesh face: 4
         	supporting dual grid: false
         	performance improvement: ROI limit: true
         	performance improvement: ROI threshold: 2
         	performance improvement: single topology extraction: true
         	performance improvement: pre-categorize cell volume: true
         	periodic align: 0
         	periodic cells: true
         	homogenization version: pid
         =============================================================

1xN003:  ===============
         TST specials: -
         ===============

1xN003:  =================================================================================================================================================
         TST cell analysis in range (22 | 0 | 21) -> (58 | 35 | 50) [total range (0 | 0 | 0) -> (58 | 35 | 50)]  [mpi range (0 | 0 | 0) -> (58 | 35 | 50)]
         =================================================================================================================================================

1xN003:  -----------------------
         TST Statistics:
         E Split (40 | 0 | 68)
         E Adapt (115 | 60 | 86)
         B Split (56 | 150 | 32)
         B Adapt (13 | 0 | 8)
         -----------------------

1xN003:  -------------------------------------------------------------
         TST Version 2.20240218, tst tiny faces fix: on, TST1 BWC: off
         -------------------------------------------------------------

1xN003:  ssssssssssssssssssssssssssssssssssssssssss
         # of curls with SI accuracy enhancement: 0
         ssssssssssssssssssssssssssssssssssssssssss

1xN003:  ------------------------------------------------------------------------------
         PBA fill limit is applied in inverse mode.
         PBA fill limit is applied on faces filled with at least 98.63% metal material.
         --------------------------------------------------------------
         detailed accuracy settings:
         --------------------------------------------------------------
         augmented fill limit:       true
         augmented fill limit value: 98.63
         automatic fill limit:       true
         early fill limit:           true
         inverse fill limit:         true
         model complexity:           0.00
         legacy 2015:                false
         fixed point accuracy:       false
         minimum point accuracy:     0
         mesh step inheritance:      false
         accuracy mode:
         ------------------------------------------------------------------------------

1xN003:  discrete face port "1" is connected to metal material.
1xN003:  ----------------------------------------------------------------
         The following discrete face port is connected to metal material:
         	1
         ----------------------------------------------------------------

1xN003:  -------------------------------------------------------------------------------
         TST aware field source monitor processing forced by environment variable: false
         No TST aware field source monitors to be processed
         -------------------------------------------------------------------------------

1xN003:  =================================
         Finished matrix computation (PBA)
         =================================

1xN003:  <<<<<<<<<<<<<<<<<<<<<<<<<<<<<<<<<<<<<<<<<<<<<<<<<<<<<<<<<<<<
         Wed Wed Jan  7 18:25:03 2026
         Resource usage for calculating matrix coefficients per node:
         	Runtime                          00:00:02.00952 s
         	Peak Memory Estimation:                   82 MB
         	Peak Memory Usage:                        49 MB
         <<<<<<<<<<<<<<<<<<<<<<<<<<<<<<<<<<<<<<<<<<<<<<<<<<<<<<<<<<<<



<<<<<<<<<<<<<<<<<<<<<<<<<<<<<<<<<<<<<<<<<<<<<<<<<
Wed Wed Jan  7 18:25:13 2026
Resource usage for parallelization control:
	Runtime                      00:00:18.00828 s
<<<<<<<<<<<<<<<<<<<<<<<<<<<<<<<<<<<<<<<<<<<<<<<<<

------------------------------------------------------------------------------------------------------------------------------
PBAMeshFeedback - InfoMap: 0[ms] - SBCell navigation: Using legacy edges - CornerCorrectionLinesAndWires: 0[ms] - Write: 0[ms]
ConnectivityAXG - Load: 1[ms] - Setup: 0[ms] - Convert: 11[ms] ( Groups: 3 - Shapes: 8 - Threads: 16 ) - Write: 2[ms]
ConnectivityAXG - Load: 1[ms] - Setup: 0[ms] - Convert: 11[ms] ( Groups: 3 - Shapes: 8 - Threads: 16 ) - Write: 2[ms]
------------------------------------------------------------------------------------------------------------------------------

--------------------------------
# of staircase filled cells: 0
# of staircase filled areas: 0
# of staircase filled edges: 0
# of faces above fill limit: 0
# of edges with FPBA topology: 0
--------------------------------

