2026-01-07 18:24:53   The following farfield monitor(s) have been adjusted to model box [-146.986,
                      146.986, -57.0875, 57.0875, -176.957, 53.0875]:
                        farfield (f=437).
                      For further information please check the page "Special Solver Parameters -
                      Solver" in the Online Help.

                      ------------------------------------------------------------------------------
2026-01-07 18:24:53   According to the selected features the <Time Domain Solver (HEX)> will be
                      started.

                      ------------------------------------------------------------------------------
2026-01-07 18:24:54   
                      Solver started at: 2026-01-07 18:24:54 +0530

                        Module:  Time Domain: S-Parameter (Win 64)
                        Version: 2025.4 Release from 2025-04-11 (change 1409410)

2026-01-07 18:24:54   

                      ------------------------------------------------------------------------------
2026-01-07 18:24:54   

                      ------------------------------------------------------------------------------
2026-01-07 18:24:54   ======================================================================
                       Solver cycle: 1
                      ======================================================================

                      Stimulation at discrete port 1 



                      ------------------------------------------------------------------------------
2026-01-07 18:24:54   Units settings: 

                        Dimensions: mm
                        Frequency:  MHz
                        Time:       ns

                      ------------------------------------------------------------------------------
2026-01-07 18:24:54   The dispersive material update [Automatic] will be performed using the "Standard" update schema

                      ------------------------------------------------------------------------------
2026-01-07 18:25:14   The following discrete face port is connected to metal material:
                      	1

                      ------------------------------------------------------------------------------
2026-01-07 18:25:15   Mesh statistics:

                         Hexahedral mesh type: Perfect Boundary Approximation (PBA)
                            Version: default

                         Parallelization type: domain decomposition
                            Number of parallel working threads: 4
                            Number of calculation domains used: 4

                         Used point accuracy enhancement value: 62.00%.
                         Acceleration mode: CPU
                         PBA fill limit: 98.63% (inverse)

2026-01-07 18:25:19   Boundary conditions: 

                        YZsymmetry: none
                        XZsymmetry: none
                        XYsymmetry: none

                        Xmin: expanded open, 4 Layer, depth 151.565 mm
                        Xmax: expanded open, 4 Layer, depth 151.565 mm

                        Ymin: expanded open, 4 Layer, depth 146.371 mm
                        Ymax: expanded open, 4 Layer, depth 146.371 mm

                        Zmin: expanded open, 4 Layer, depth 144.708 mm
                        Zmax: expanded open, 4 Layer, depth 146.371 mm

                        PML-Type: Convolution PML

                      ------------------------------------------------------------------------------
2026-01-07 18:25:19   Frequency settings: 

                        Fmin:         350
                        Fmax:         500
                        Nfsteps(lin): 1001

                      ------------------------------------------------------------------------------
2026-01-07 18:25:20   Field update statistics:

                        Number of components in total: 	589988
                        Number of TST and special elements:	1770
                        Number of lossy metal components:	4445

                      Subcycling state:      			Automatically deactivated

                      ------------------------------------------------------------------------------
2026-01-07 18:25:20   Port: 1

2026-01-07 18:25:20     Discrete element, reference impedance = 50 Ohm

                      ------------------------------------------------------------------------------
2026-01-07 18:25:53   
                      --------------------------------------------------------------------------------
2026-01-07 18:25:53   Steady state energy criterion met, solver finished successfully.

                      ------------------------------------------------------------------------------
2026-01-07 18:25:53   Frequency domain results normalized to default signal.


                      ------------------------------------------------------------------------------
2026-01-07 18:25:53   
                        ----------------------------------------------------------------------------
                                            Peak memory used (kB)         Free physical memory (kB) 
                                                                          At begin     Minimum      
                        ----------------------------------------------------------------------------
                        CAD preparation     16576                         5796172      5796172      
                        Matrices calc.      142252                        5791992      5644531      
                        Solver run total    64884                         5805060      5649864      
                        ----------------------------------------------------------------------------

                      --------------------------------------------------------------------------------
                      Solver Statistics:

                        Hardware:
                           Computer name:                 	DESKTOP-7SP1ERU 

                           Number of CPU threads:               8
                           Hardware info:                  	Hardware Accelerator Device not activated

                        Number of mesh cells:             	94962
                        Excitation duration:              	4.73939833e+001 ns 
                        Calculation time for excitation:  	0 	s
                        Number of calculated pulse widths:	1.00883 
                        Steady state accuracy limit:      	-40	dB 
                        Simulated number of time steps:   	10728 
                        Maximum number of time steps:     	212681 
                        Time step width:
                           without subcycles:             	4.456811752e-003 ns
                           used:                          	4.456811752e-003 ns

                        CAD preparation time:             	3      	s
                        Matrix calculation time:          	17 	s
                        Solver setup time:                	9 	s
                        Solver loop time:                 	26 	s
                        Solver post-processing time:      	2 	s
                                                          	------------
                        Total solver time:                	57 	s

                      ------------------------------------------------------------------------------
2026-01-07 18:25:54   
                        Total solver time (all cycles):      	57     	s
                        Solver initialization and clean-up:  	3      	s
                                                             	------------
                        Total simulation time:               	60     	s

                      ------------------------------------------------------------------------------
2026-01-07 18:25:54   Solver finished at: 2026-01-07 18:25:54 +0530



                      ------------------------------------------------------------------------------
